using 30 processes
5000 10 1.5 OFW_ple2 [5000, 0.05634085118167072, 0.5390003950664323] 0.10247866640932006
5000 10 1.5 OFW_ple2
10000 10 1.5 OFW_ple2 [10000, 0.05364676344159312, 0.4936734052685635] 0.10600821419350763
1000 10 1.5 OFW_ple2 [1000, 0.14121338349090437, 1.490253958887124] 0.09559512664995995
1000 10 1.5 OFW_ple2
2000 10 1.5 OFW_ple2 [2000, 0.12362763692869927, 1.2134230305942666] 0.10230922862201147
10000 5 1.5 OFW_ple2 [10000, 0.0145207789059239, 0.07406725966105769] 0.16354316102779518
10000 5 1.5 OFW_ple2
1000 10 1.5 OFW_ple2 [1000, 0.0787624166886235, 0.8099102287959216] 0.09665544761858422
1000 5 1.5 OFW_ple2 [1000, 0.19636985386246059, 1.165605334302926] 0.1688320097732535
1000 5 1.5 OFW_ple2
2000 5 1.5 OFW_ple2 [2000, 0.08153037608050288, 0.481448618261354] 0.1667828557570723
5000 20 1.5 OFW_ple2
10000 20 1.5 OFW_ple2 [10000, 0.07613519534948514, 1.2038931801155355] 0.06364681216603468
10000 20 1.5 OFW_ple2
2000 5 1.5 OFW_ple2 [2000, 0.017101914863235975, 0.08549161549439406] 0.17306362650321877
2000 5 1.5 OFW_ple2
5000 5 1.5 OFW_ple2 [5000, 0.0168814519635443, 0.08731070823242315] 0.16626968866256273
5000 5 1.5 OFW_ple2 [5000, 0.013322962132543921, 0.07016442892027334] 0.1587359581911593
5000 5 1.5 OFW_ple2
10000 5 1.5 OFW_ple2 [10000, 0.012826807299739243, 0.06447002672863002] 0.16225914858786
10000 50 1.5 OFW_ple2 [10000, 0.044199812391746515, 1.304294437995949] 0.03446118852629904
10000 50 1.5 OFW_ple2
1000 5 1.5 OFW_ple2 [1000, 0.07747085079735631, 0.4509092275036182] 0.16893066841024437
1000 20 1.5 OFW_ple2
2000 20 1.5 OFW_ple2 [2000, 0.06664364346497194, 1.0668581597826097] 0.06262956407447538
2000 20 1.5 OFW_ple2
1000 20 1.5 OFW_ple2 [1000, 0.07906387779965479, 1.2949098647326927] 0.06158943407895452
1000 20 1.5 OFW_ple2
2000 20 1.5 OFW_ple2 [2000, 0.09879603230299287, 1.5314189917036247] 0.06535696790185914
1000 10 1.5 OFW_ple2
2000 10 1.5 OFW_ple2 [2000, 0.1753152613200749, 1.7906144444117693] 0.09899059029106394
2000 10 1.5 OFW_ple2
10000 10 1.5 OFW_ple2 [10000, 0.03389550226088306, 0.3131199656391776] 0.10259745605401135
10000 10 1.5 OFW_ple2
1000 20 1.5 OFW_ple2 [1000, 0.05911394580912531, 0.9672281029267319] 0.06102830906411842
1000 10 1.5 OFW_ple2
2000 10 1.5 OFW_ple2 [2000, 0.12084917143348849, 1.1444871709496522] 0.10594406544444297
2000 10 1.5 OFW_ple2
2000 20 1.5 OFW_ple2
5000 20 1.5 OFW_ple2 [5000, 0.06977989168115588, 1.0624247506623188] 0.06581160656418797
5000 20 1.5 OFW_ple2
2000 5 1.5 OFW_ple2 [2000, 0.037670679570648805, 0.22939122768807252] 0.1554486158646802
2000 5 1.5 OFW_ple2
5000 5 1.5 OFW_ple2 [5000, 0.03293198553862578, 0.182595300904501] 0.16863410489646236
5000 10 1.5 OFW_ple2 [5000, 0.08147247483820413, 0.8003848453575463] 0.10115781006457217
5000 10 1.5 OFW_ple2
10000 10 1.5 OFW_ple2 [10000, 0.06337467276061079, 0.6547342788711427] 0.09552710513216255
2000 10 1.5 OFW_ple2 [2000, 0.07358144092730663, 0.682227279704271] 0.10668275556419343
2000 10 1.5 OFW_ple2
5000 10 1.5 OFW_ple2 [5000, 0.08688899521605489, 0.8456318217505918] 0.1022886655050923
1000 5 1.5 OFW_ple2
2000 5 1.5 OFW_ple2 [2000, 0.044543736708556554, 0.24808044695394596] 0.17216963747191125
2000 5 1.5 OFW_ple2
1000 20 1.5 OFW_ple2
2000 20 1.5 OFW_ple2 [2000, 0.07101330696295886, 1.1543673403382528] 0.06184352595196572
2000 20 1.5 OFW_ple2
1000 5 1.5 OFW_ple2
2000 5 1.5 OFW_ple2 [2000, 0.06896227193042552, 0.40845005310524485] 0.16532700839705214
2000 5 1.5 OFW_ple2
2000 20 1.5 OFW_ple2
5000 20 1.5 OFW_ple2 [5000, 0.07136294387781851, 1.0822062804214407] 0.06614200814748825
5000 20 1.5 OFW_ple2
2000 5 1.5 OFW_ple2
5000 5 1.5 OFW_ple2 [5000, 0.021452278573257925, 0.11562040920936827] 0.16632722627232133
5000 5 1.5 OFW_ple2
5000 20 1.5 OFW_ple2
10000 20 1.5 OFW_ple2 [10000, 0.040593756190990544, 0.6914349024909129] 0.05762258665128281
10000 20 1.5 OFW_ple2
2000 10 1.5 OFW_ple2
5000 10 1.5 OFW_ple2 [5000, 0.055145248112792325, 0.547034314054079] 0.09876950656212417
5000 10 1.5 OFW_ple2
2000 10 1.5 OFW_ple2
5000 10 1.5 OFW_ple2 [5000, 0.08481835654703636, 0.8400934408799573] 0.1004962418240205
5000 10 1.5 OFW_ple2
1000 20 1.5 OFW_ple2 [1000, 0.09915434005397204, 1.5082603150865457] 0.06658605236887208
1000 20 1.5 OFW_ple2
2000 20 1.5 OFW_ple2 [2000, 0.08461062584505095, 1.3434575369311752] 0.06363939777722812
5000 20 1.5 OFW_ple2 [5000, 0.05445578928809118, 0.9287139735432856] 0.058453829443722724
5000 20 1.5 OFW_ple2
10000 20 1.5 OFW_ple2 [10000, 0.04570603970367661, 0.704240841485559] 0.06389108891903215
1000 50 1.5 OFW_ple2 [1000, 0.045626690312455594, 1.3216982469257232] 0.03513507206524819
1000 50 1.5 OFW_ple2
2000 50 1.5 OFW_ple2 [2000, 0.05006900444516733, 1.3574599380369952] 0.03752797032691357
5000 50 1.5 OFW_ple2 [5000, 0.0344474305667701, 1.1036096502205552] 0.03147071370809829
5000 50 1.5 OFW_ple2
10000 50 1.5 OFW_ple2 [10000, 0.037286942912431016, 1.0745001531151899] 0.03486723479005911
2000 5 1.5 OFW_ple2
5000 5 1.5 OFW_ple2 [5000, 0.04478246349751811, 0.2660330461335451] 0.16135294026584776
5000 5 1.5 OFW_ple2
10000 50 1.5 OFW_ple2
1000 5 1.5 OFW_ple2 [1000, 0.14769800620377393, 0.8703451198164702] 0.1693432106409854
1000 5 1.5 OFW_ple2
2000 50 1.5 OFW_ple2
5000 50 1.5 OFW_ple2 [5000, 0.03535520843303114, 1.0920374717829782] 0.03256510897678008
5000 50 1.5 OFW_ple2
2000 20 1.5 OFW_ple2
5000 20 1.5 OFW_ple2 [5000, 0.05134789146611634, 0.8039400677511467] 0.06324832058661495
5000 20 1.5 OFW_ple2
1000 20 1.5 OFW_ple2 [1000, 0.08755560026115379, 1.3605832007145888] 0.06506071401927693
1000 20 1.5 OFW_ple2
2000 20 1.5 OFW_ple2 [2000, 0.06347442971028107, 1.077502338637133] 0.059078656676714726
2000 50 1.5 OFW_ple2 [2000, 0.03979418254288561, 1.1584850192861542] 0.03469343860511307
2000 50 1.5 OFW_ple2
5000 50 1.5 OFW_ple2 [5000, 0.039744932911891004, 1.1147185643281887] 0.03591031506406218
10000 10 1.5 OFW_ple2
1000 20 1.5 OFW_ple2 [1000, 0.07790589182714297, 1.330593013593456] 0.05916858952608364
1000 20 1.5 OFW_ple2
10000 5 1.5 OFW_ple2
1000 10 1.5 OFW_ple2 [1000, 0.08334227602971706, 0.9054898556969229] 0.0917895529250755
1000 10 1.5 OFW_ple2
2000 50 1.5 OFW_ple2 [2000, 0.04557187119103031, 1.4425998854601858] 0.032266513787304434
2000 50 1.5 OFW_ple2
5000 50 1.5 OFW_ple2 [5000, 0.03758228333240404, 1.0927373155905884] 0.03461284056577262
5000 5 1.5 OFW_ple2
10000 5 1.5 OFW_ple2 [10000, 0.013824518432462738, 0.07518041218988185] 0.15541528386390865
10000 5 1.5 OFW_ple2
1000 5 1.5 OFW_ple2 [1000, 0.09246069320352954, 0.5532704748916029] 0.16510915236638485
1000 5 1.5 OFW_ple2
2000 5 1.5 OFW_ple2 [2000, 0.028062365155059874, 0.15890604267707253] 0.16359232220141165
2000 50 1.5 OFW_ple2 [2000, 0.04449573110532726, 1.2698982725907517] 0.03557148081953669
2000 50 1.5 OFW_ple2
5000 50 1.5 OFW_ple2 [5000, 0.0403189416310779, 1.1920387766333] 0.0342173677867488
5000 5 1.5 OFW_ple2
10000 5 1.5 OFW_ple2 [10000, 0.008160229610182455, 0.03768727778837916] 0.15771587986450794
10000 5 1.5 OFW_ple2
2000 10 1.5 OFW_ple2 [2000, 0.11506587059357491, 1.2317227995365048] 0.09389560291290192
2000 10 1.5 OFW_ple2
5000 10 1.5 OFW_ple2 [5000, 0.06443246803712215, 0.6212216816652333] 0.10218303785442123
10000 20 1.5 OFW_ple2 [10000, 0.06166444262224134, 0.9666281059632668] 0.06370453053787745
10000 20 1.5 OFW_ple2
1000 50 1.5 OFW_ple2 [1000, 0.030707812340267367, 0.8905637917019844] 0.03418325073784531
10000 50 1.5 OFW_ple2 [10000, 0.03290477178165767, 0.9670068921097847] 0.03394845598232679
10000 50 1.5 OFW_ple2
1000 5 1.5 OFW_ple2 [1000, 0.05887591585557703, 0.34682002524759253] 0.16523665738428508
10000 50 1.5 OFW_ple2
1000 5 1.5 OFW_ple2 [1000, 0.0614111662354626, 0.35637739349773806] 0.16756073583029882
1000 5 1.5 OFW_ple2
10000 20 1.5 OFW_ple2 [10000, 0.050625442555389186, 0.8052975462902999] 0.06228345568363829
10000 20 1.5 OFW_ple2
1000 50 1.5 OFW_ple2 [1000, 0.04078527415574445, 1.2557116561839599] 0.033005426365603524
2000 5 1.5 OFW_ple2
5000 5 1.5 OFW_ple2 [5000, 0.018048682958426134, 0.09371004824061556] 0.16861344474103968
5000 5 1.5 OFW_ple2
5000 10 1.5 OFW_ple2
10000 10 1.5 OFW_ple2 [10000, 0.06065905850596093, 0.5878741247686298] 0.10146797103590387
10000 10 1.5 OFW_ple2
1000 50 1.5 OFW_ple2 [1000, 0.0345825324999596, 1.1253620230006784] 0.030988732774996378
1000 50 1.5 OFW_ple2
2000 50 1.5 OFW_ple2 [2000, 0.04198750013785137, 1.2908067181818008] 0.033068913603724
1000 50 1.5 OFW_ple2
2000 50 1.5 OFW_ple2 [2000, 0.04460578244029064, 1.2506311664942602] 0.03617629210194349
2000 50 1.5 OFW_ple2
10000 20 1.5 OFW_ple2
1000 50 1.5 OFW_ple2 [1000, 0.0369957739542031, 1.109738516722318] 0.03357031847555859
1000 50 1.5 OFW_ple2
10000 10 1.5 OFW_ple2 [10000, 0.04426372429521876, 0.43365920924143586] 0.09907836316137172
10000 10 1.5 OFW_ple2
1000 20 1.5 OFW_ple2 [1000, 0.07308299920372821, 1.2434373159077463] 0.05927181239763562
5000 50 1.5 OFW_ple2
10000 50 1.5 OFW_ple2 [10000, 0.037500182794871655, 1.0731298146756243] 0.03513055928089833
10000 50 1.5 OFW_ple2
2000 5 1.5 OFW_ple2 [2000, 0.016913529179456235, 0.09135939292704526] 0.16077350512569777
2000 5 1.5 OFW_ple2
5000 5 1.5 OFW_ple2 [5000, 0.02398290929157948, 0.13455169081815616] 0.16182747078579138
10000 10 1.5 OFW_ple2
1000 20 1.5 OFW_ple2 [1000, 0.07168731857768273, 1.1555824556780754] 0.062383955884301005
1000 20 1.5 OFW_ple2
2000 20 1.5 OFW_ple2 [2000, 0.09469000935940466, 1.4902011437446252] 0.06431714271183298
2000 20 1.5 OFW_ple2
5000 20 1.5 OFW_ple2 [5000, 0.07730850107488779, 1.291287710036002] 0.060425346988020656
10000 5 1.5 OFW_ple2 [10000, 0.01283655565580508, 0.06340074655982235] 0.16657343752028042
10000 5 1.5 OFW_ple2
1000 10 1.5 OFW_ple2 [1000, 0.05215815157183221, 0.5371473198241358] 0.09498264276525499
2000 20 1.5 OFW_ple2 [2000, 0.05781220160942827, 0.953719002702606] 0.060496003866151914
2000 20 1.5 OFW_ple2
5000 20 1.5 OFW_ple2 [5000, 0.0829082849622938, 1.367985547325985] 0.061233074855519425
5000 10 1.5 OFW_ple2
10000 10 1.5 OFW_ple2 [10000, 0.04767372518488493, 0.47708334463346136] 0.09705075172266632
10000 10 1.5 OFW_ple2
10000 10 1.5 OFW_ple2 [10000, 0.0545814504476769, 0.5326031750862461] 0.10035486141487271
10000 10 1.5 OFW_ple2
1000 20 1.5 OFW_ple2 [1000, 0.09604164311597058, 1.59897069801243] 0.061009385475162214
1000 50 1.5 OFW_ple2
2000 50 1.5 OFW_ple2 [2000, 0.032211202320195885, 0.9239266305528244] 0.03465548164838655
2000 50 1.5 OFW_ple2
2000 5 1.5 OFW_ple2
5000 5 1.5 OFW_ple2 [5000, 0.027666730903416658, 0.15053258081378307] 0.16903674640249516
5000 5 1.5 OFW_ple2
5000 5 1.5 OFW_ple2 [5000, 0.02125165077342462, 0.11421995259397869] 0.16738969363170314
5000 5 1.5 OFW_ple2
10000 5 1.5 OFW_ple2 [10000, 0.006805167234188416, 0.027885168289395443] 0.15916483892772895
1000 10 1.5 OFW_ple2
2000 10 1.5 OFW_ple2 [2000, 0.08328505341301304, 0.8236801012665563] 0.10061756058716059
2000 10 1.5 OFW_ple2
5000 10 1.5 OFW_ple2
10000 10 1.5 OFW_ple2 [10000, 0.029266456475347234, 0.2641002436158369] 0.10362132961363466
10000 10 1.5 OFW_ple2
10000 20 1.5 OFW_ple2
1000 50 1.5 OFW_ple2 [1000, 0.05147205087721342, 1.4862140375856931] 0.035381814135783556
1000 50 1.5 OFW_ple2
1000 50 1.5 OFW_ple2
2000 50 1.5 OFW_ple2 [2000, 0.04439709460718376, 1.2942077980664608] 0.03488075240811284
2000 50 1.5 OFW_ple2
1000 5 1.5 OFW_ple2 [1000, 0.1435343421547644, 0.8535781639544077] 0.16771799038521737
1000 5 1.5 OFW_ple2
2000 5 1.5 OFW_ple2 [2000, 0.0659824281273818, 0.41014799281168174] 0.1570171576181471
10000 5 1.5 OFW_ple2
1000 10 1.5 OFW_ple2 [1000, 0.19258000509279372, 2.015791484542932] 0.09681316445607864
1000 10 1.5 OFW_ple2
10000 10 1.5 OFW_ple2
1000 20 1.5 OFW_ple2 [1000, 0.07865304918931554, 1.3175333563605154] 0.06028983741447561
1000 20 1.5 OFW_ple2
1000 50 1.5 OFW_ple2 [1000, 0.04305558886824198, 1.2640522556512281] 0.034580042757794756
1000 50 1.5 OFW_ple2
2000 50 1.5 OFW_ple2 [2000, 0.045511031543041376, 1.4212657969715452] 0.03277220867301822
10000 5 1.5 OFW_ple2 [10000, 0.013808307268625213, 0.07172947868904891] 0.16097082624330342
10000 5 1.5 OFW_ple2
1000 10 1.5 OFW_ple2 [1000, 0.15184691275793913, 1.4404144768257483] 0.10616827237310324
2000 10 1.5 OFW_ple2
5000 10 1.5 OFW_ple2 [5000, 0.06060282487697768, 0.5990855960724493] 0.09942366571788831
5000 10 1.5 OFW_ple2
5000 50 1.5 OFW_ple2 [5000, 0.040341168689333816, 1.134234324456332] 0.03585571543295791
5000 50 1.5 OFW_ple2
10000 50 1.5 OFW_ple2 [10000, 0.0367454061467636, 1.1076688615660708] 0.033428734355125535
10000 5 1.5 OFW_ple2 [10000, 0.004777832986414351, 0.014701399881963737] 0.15796821349376847
10000 5 1.5 OFW_ple2
1000 10 1.5 OFW_ple2 [1000, 0.10277973066995079, 1.0281801003832856] 0.10002844693701402
2000 10 1.5 OFW_ple2 [2000, 0.051637113649115975, 0.5216137665497061] 0.09676765866305141
2000 10 1.5 OFW_ple2
5000 10 1.5 OFW_ple2 [5000, 0.07331656862209576, 0.7368531080462418] 0.0985991763391104
2000 50 1.5 OFW_ple2
5000 50 1.5 OFW_ple2 [5000, 0.033509451103617235, 0.9856164028923465] 0.033960296076949566
5000 50 1.5 OFW_ple2
2000 20 1.5 OFW_ple2 [2000, 0.0875323591067155, 1.4156994425516536] 0.06255458344202351
2000 20 1.5 OFW_ple2
5000 20 1.5 OFW_ple2 [5000, 0.05788414863856708, 1.0041952082004888] 0.057652931790841036
1000 10 1.5 OFW_ple2
2000 10 1.5 OFW_ple2 [2000, 0.06548813320928654, 0.694192776844755] 0.09335641563523996
2000 10 1.5 OFW_ple2
2000 20 1.5 OFW_ple2 [2000, 0.08477091125446559, 1.2984765606578055] 0.06590050243189975
2000 20 1.5 OFW_ple2
5000 20 1.5 OFW_ple2 [5000, 0.05338271225083572, 0.8820272769772195] 0.06017389593541452
10000 20 1.5 OFW_ple2
1000 50 1.5 OFW_ple2 [1000, 0.057782716574080635, 1.6032504930570366] 0.0369822516458653
1000 50 1.5 OFW_ple2
1000 10 1.5 OFW_ple2 [1000, 0.08848583424655077, 0.870965693727199] 0.1012319397009702
1000 10 1.5 OFW_ple2
2000 10 1.5 OFW_ple2 [2000, 0.08340912095612998, 0.8476182556287681] 0.09793517704867927
2000 50 1.5 OFW_ple2
5000 50 1.5 OFW_ple2 [5000, 0.04061163949247418, 1.1711189954465873] 0.035065976791613815
5000 50 1.5 OFW_ple2
5000 5 1.5 OFW_ple2
10000 5 1.5 OFW_ple2 [10000, 0.009869510000795693, 0.04398823416660366] 0.1703293190683649
10000 5 1.5 OFW_ple2
10000 50 1.5 OFW_ple2
1000 5 1.5 OFW_ple2 [1000, 0.14134355262104842, 0.8586588138066936] 0.1642041326708619
1000 5 1.5 OFW_ple2
10000 20 1.5 OFW_ple2 [10000, 0.06394820158910518, 1.0499332482390762] 0.06102816266581841
10000 20 1.5 OFW_ple2
1000 50 1.5 OFW_ple2 [1000, 0.037061174623325685, 1.1346465902576781] 0.03295949471837996
10000 50 1.5 OFW_ple2 [10000, 0.03511263216341305, 1.012267904666598] 0.034717125352500176
10000 50 1.5 OFW_ple2
1000 5 1.5 OFW_ple2 [1000, 0.03718334324597591, 0.21128494204832715] 0.16643652765294575
5000 20 1.5 OFW_ple2
10000 20 1.5 OFW_ple2 [10000, 0.060831414661215354, 1.005811745985229] 0.06049439470437688
10000 20 1.5 OFW_ple2
1000 20 1.5 OFW_ple2
2000 20 1.5 OFW_ple2 [2000, 0.0697350862442757, 1.1067554361855687] 0.06325383957559663
2000 20 1.5 OFW_ple2
5000 10 1.5 OFW_ple2 [5000, 0.12389502293768503, 1.2887877870261797] 0.09670066356238698
5000 10 1.5 OFW_ple2
10000 10 1.5 OFW_ple2 [10000, 0.0836605199560617, 0.8258289410616776] 0.10075275580077599
5000 10 1.5 OFW_ple2 [5000, 0.1084243274308838, 1.013998414241316] 0.10696233181137749
5000 10 1.5 OFW_ple2
10000 10 1.5 OFW_ple2 [10000, 0.06655806625627111, 0.6577605064205275] 0.09992421034178986
1000 5 1.5 OFW_ple2
2000 5 1.5 OFW_ple2 [2000, 0.0250514884326861, 0.13208809598182925] 0.17340383987349858
2000 5 1.5 OFW_ple2
5000 50 1.5 OFW_ple2
10000 50 1.5 OFW_ple2 [10000, 0.04170679336955676, 1.2274312269650653] 0.03444061872786245
10000 50 1.5 OFW_ple2
5000 20 1.5 OFW_ple2 [5000, 0.06661262656321112, 1.0902763521258818] 0.06130357832353374
5000 20 1.5 OFW_ple2
10000 20 1.5 OFW_ple2 [10000, 0.0731915112092978, 1.1195292708775304] 0.06563402024172156
1000 10 1.5 OFW_ple2 [1000, 0.07703480316700768, 0.7591035025215167] 0.10071397330400857
1000 10 1.5 OFW_ple2
2000 10 1.5 OFW_ple2 [2000, 0.09833998429886298, 0.9955639172200679] 0.09876628921867299
1000 5 1.5 OFW_ple2 [1000, 0.03267980557520421, 0.18293322806600645] 0.16659274277090544
1000 5 1.5 OFW_ple2
2000 5 1.5 OFW_ple2 [2000, 0.02293455511217015, 0.13312380132011775] 0.1555183335747042
1000 50 1.5 OFW_ple2 [1000, 0.03878027697576061, 1.110906757903288] 0.0351751541527634
1000 50 1.5 OFW_ple2
2000 50 1.5 OFW_ple2 [2000, 0.04200878216495653, 1.2705764550092147] 0.0335938118673779
5000 50 1.5 OFW_ple2 [5000, 0.04605180351960671, 1.4082249444515893] 0.033432643419932066
5000 50 1.5 OFW_ple2
10000 50 1.5 OFW_ple2 [10000, 0.04241237659414129, 1.2202746775545499] 0.035231173281949045
10000 50 1.5 OFW_ple2 [10000, 0.030690416014805627, 0.8681148264350983] 0.03496496566157232
10000 50 1.5 OFW_ple2
10000 5 1.5 OFW_ple2
1000 10 1.5 OFW_ple2 [1000, 0.10346082910731684, 1.0164290912144467] 0.10182491325077683
1000 10 1.5 OFW_ple2
2000 50 1.5 OFW_ple2
5000 50 1.5 OFW_ple2 [5000, 0.04343203389789292, 1.265876205636098] 0.034860016119351224
5000 50 1.5 OFW_ple2
10000 10 1.5 OFW_ple2
1000 20 1.5 OFW_ple2 [1000, 0.08560588720474109, 1.4516683490895304] 0.05978651988464115
1000 20 1.5 OFW_ple2
5000 50 1.5 OFW_ple2
10000 50 1.5 OFW_ple2 [10000, 0.039305295827250376, 1.0994625049308258] 0.03596814618328231
10000 50 1.5 OFW_ple2
5000 20 1.5 OFW_ple2 [5000, 0.07493729952136285, 1.3272982346843116] 0.05710877387038535
5000 20 1.5 OFW_ple2
10000 20 1.5 OFW_ple2 [10000, 0.06380412940319975, 1.083434493572766] 0.05909514891884146
5000 5 1.5 OFW_ple2 [5000, 0.020340825220012224, 0.10045796944867477] 0.17846362877046376
5000 5 1.5 OFW_ple2
10000 5 1.5 OFW_ple2 [10000, 0.006946110148916824, 0.03085966842888806] 0.14712186443917113
5000 20 1.5 OFW_ple2
10000 20 1.5 OFW_ple2 [10000, 0.05793360236214801, 0.8875476415068269] 0.06494147244105562
10000 20 1.5 OFW_ple2
../dpsco-results/p=1.5-d=5-T=1000-scale=1-noise_free=False-test_flag=True/
../dpsco-results/p=1.5-d=5-T=1000-scale=1-noise_free=False-test_flag=False/
../dpsco-results/p=1.5-d=5-T=2000-scale=1-noise_free=False-test_flag=True/
../dpsco-results/p=1.5-d=5-T=2000-scale=1-noise_free=False-test_flag=False/
../dpsco-results/p=1.5-d=5-T=5000-scale=1-noise_free=False-test_flag=True/
../dpsco-results/p=1.5-d=5-T=5000-scale=1-noise_free=False-test_flag=False/
../dpsco-results/p=1.5-d=5-T=10000-scale=1-noise_free=False-test_flag=True/
../dpsco-results/p=1.5-d=5-T=10000-scale=1-noise_free=False-test_flag=False/
../dpsco-results/p=1.5-d=10-T=1000-scale=1-noise_free=False-test_flag=True/
../dpsco-results/p=1.5-d=10-T=1000-scale=1-noise_free=False-test_flag=False/
../dpsco-results/p=1.5-d=10-T=2000-scale=1-noise_free=False-test_flag=True/
../dpsco-results/p=1.5-d=10-T=2000-scale=1-noise_free=False-test_flag=False/
../dpsco-results/p=1.5-d=10-T=5000-scale=1-noise_free=False-test_flag=True/
../dpsco-results/p=1.5-d=10-T=5000-scale=1-noise_free=False-test_flag=False/
../dpsco-results/p=1.5-d=10-T=10000-scale=1-noise_free=False-test_flag=True/
../dpsco-results/p=1.5-d=10-T=10000-scale=1-noise_free=False-test_flag=False/
../dpsco-results/p=1.5-d=20-T=1000-scale=1-noise_free=False-test_flag=True/
../dpsco-results/p=1.5-d=20-T=1000-scale=1-noise_free=False-test_flag=False/
../dpsco-results/p=1.5-d=20-T=2000-scale=1-noise_free=False-test_flag=True/
../dpsco-results/p=1.5-d=20-T=2000-scale=1-noise_free=False-test_flag=False/
../dpsco-results/p=1.5-d=20-T=5000-scale=1-noise_free=False-test_flag=True/
../dpsco-results/p=1.5-d=20-T=5000-scale=1-noise_free=False-test_flag=False/
../dpsco-results/p=1.5-d=20-T=10000-scale=1-noise_free=False-test_flag=True/
../dpsco-results/p=1.5-d=20-T=10000-scale=1-noise_free=False-test_flag=False/
../dpsco-results/p=1.5-d=50-T=1000-scale=1-noise_free=False-test_flag=True/
../dpsco-results/p=1.5-d=50-T=1000-scale=1-noise_free=False-test_flag=False/
../dpsco-results/p=1.5-d=50-T=2000-scale=1-noise_free=False-test_flag=True/
../dpsco-results/p=1.5-d=50-T=2000-scale=1-noise_free=False-test_flag=False/
../dpsco-results/p=1.5-d=50-T=5000-scale=1-noise_free=False-test_flag=True/
../dpsco-results/p=1.5-d=50-T=5000-scale=1-noise_free=False-test_flag=False/
../dpsco-results/p=1.5-d=50-T=10000-scale=1-noise_free=False-test_flag=True/
../dpsco-results/p=1.5-d=50-T=10000-scale=1-noise_free=False-test_flag=False/
using 30 processes
5000 50 1.5 NoisySFW [69, 0.09432471871320627, 2.7377002484134554] 0.03602093486760262
5000 50 1.5 NoisySFW
10000 50 1.5 NoisySFW [99, 0.11076633588484618, 3.2532832139741084] 0.035591905110765654
1000 5 1.5 NoisySFW [30, 0.4560353725859019, 2.7995760953722706] 0.16452998774142436
1000 5 1.5 NoisySFW
2000 5 1.5 NoisySFW [43, 0.0761378423052031, 0.4625382108705259] 0.16187671844878748
1000 50 1.5 NoisySFW [30, 0.10155072604339133, 3.1406132846185657] 0.0341254009977214
1000 50 1.5 NoisySFW
2000 50 1.5 NoisySFW [43, 0.10954217042715049, 3.5025003907936982] 0.032943024345014935
10000 50 1.5 NoisySFW
1000 5 1.5 NoisySFW [30, 0.39844614278740004, 2.3976911479528242] 0.16774778654289224
1000 5 1.5 NoisySFW
10000 20 1.5 NoisySFW [99, 0.22634475754108718, 3.586274113582672] 0.06509412282936208
10000 20 1.5 NoisySFW
1000 50 1.5 NoisySFW [30, 0.10734652479356717, 3.319240701003852] 0.03425663152509502
2000 50 1.5 NoisySFW
5000 50 1.5 NoisySFW [69, 0.08599017597464763, 2.465361348089945] 0.036384311351958874
5000 50 1.5 NoisySFW
1000 5 1.5 NoisySFW [30, 0.3324939330498016, 2.0110021998490732] 0.16662473003717218
1000 5 1.5 NoisySFW
2000 5 1.5 NoisySFW [43, 1.0139987291257475, 6.256335023038364] 0.1641955235924268
2000 5 1.5 NoisySFW [43, 0.2981988091164605, 1.8621242505144089] 0.16130362839156595
2000 5 1.5 NoisySFW
5000 5 1.5 NoisySFW [69, 0.1968105647039777, 1.2203650643193769] 0.16172411061594796
5000 20 1.5 NoisySFW
10000 20 1.5 NoisySFW [99, 0.1350955148657431, 2.193012483293153] 0.06290113914073998
10000 20 1.5 NoisySFW
1000 10 1.5 NoisySFW
2000 10 1.5 NoisySFW [43, 0.28332381405380297, 2.7986262022159205] 0.10279907649597987
2000 10 1.5 NoisySFW
5000 20 1.5 NoisySFW [69, 0.2646340256380076, 4.404444373877317] 0.06197158674724296
5000 20 1.5 NoisySFW
10000 20 1.5 NoisySFW [99, 0.19239540180513165, 3.251089306975418] 0.06072259030380799
5000 5 1.5 NoisySFW
10000 5 1.5 NoisySFW [99, 0.050239374734228535, 0.30168878547233013] 0.16077806360051003
10000 5 1.5 NoisySFW
10000 5 1.5 NoisySFW [99, 0.08856845801218234, 0.5147352983778081] 0.16973135249283097
10000 5 1.5 NoisySFW
1000 10 1.5 NoisySFW [30, 0.435078129204541, 4.296711309124571] 0.10306547576540188
2000 10 1.5 NoisySFW [43, 0.2330942186777579, 2.5812543793842004] 0.09189410900233748
2000 10 1.5 NoisySFW
5000 10 1.5 NoisySFW [69, 0.3415078344101891, 3.5685339811611945] 0.09743974801945116
2000 20 1.5 NoisySFW [43, 0.23179513887589068, 3.890779115476984] 0.0614551540537559
2000 20 1.5 NoisySFW
5000 20 1.5 NoisySFW [69, 0.20922664161618215, 3.8096087206362608] 0.056855640834767615
1000 50 1.5 NoisySFW [30, 0.10182077251437867, 3.1766713291076005] 0.03377107519172601
1000 50 1.5 NoisySFW
2000 50 1.5 NoisySFW [43, 0.12369937175664113, 4.055807370586434] 0.03244267357817504
1000 20 1.5 NoisySFW [30, 0.20389312459043754, 3.6091097506993517] 0.05826262301253317
1000 20 1.5 NoisySFW
2000 20 1.5 NoisySFW [43, 0.170802176652443, 2.9063062693426818] 0.06038092524677299
1000 5 1.5 NoisySFW [30, 1.1550793402259139, 7.25496873960618] 0.16126759279096092
1000 5 1.5 NoisySFW
2000 5 1.5 NoisySFW [43, 0.5046325245953754, 3.134754169126626] 0.1626031223859902
2000 50 1.5 NoisySFW
5000 50 1.5 NoisySFW [69, 0.11004586424647078, 3.3779685857599953] 0.034283342764457804
5000 50 1.5 NoisySFW
5000 10 1.5 NoisySFW [69, 0.25500355926241103, 2.461299455889454] 0.10498989582978095
5000 10 1.5 NoisySFW
10000 10 1.5 NoisySFW [99, 0.4109297322080122, 4.274708037611555] 0.09798537000647523
10000 50 1.5 NoisySFW [99, 0.11653874389062004, 3.655602686896873] 0.03381985330026939
10000 50 1.5 NoisySFW
1000 5 1.5 NoisySFW [30, 0.5263814055452128, 3.188741001704814] 0.16684591331779472
10000 10 1.5 NoisySFW
1000 20 1.5 NoisySFW [30, 0.19610045905977058, 3.2100886391875036] 0.06258423234883541
1000 20 1.5 NoisySFW
2000 5 1.5 NoisySFW
5000 5 1.5 NoisySFW [69, 0.09605707191003629, 0.5544057433488775] 0.17126849267554936
5000 5 1.5 NoisySFW
5000 10 1.5 NoisySFW
10000 10 1.5 NoisySFW [99, 0.16325101466967779, 1.6015669431880761] 0.10291401093479903
10000 10 1.5 NoisySFW
5000 5 1.5 NoisySFW [69, 0.06091231021573808, 0.39035655434400635] 0.1521331117385854
5000 5 1.5 NoisySFW
10000 5 1.5 NoisySFW [99, 0.04928340569544422, 0.29838882911531706] 0.1592462005770838
2000 50 1.5 NoisySFW [43, 0.11026155220046398, 3.3911673393575397] 0.03425657639164908
2000 50 1.5 NoisySFW
5000 50 1.5 NoisySFW [69, 0.11487211400914209, 3.412616655021301] 0.03550737412978001
10000 10 1.5 NoisySFW [99, 0.3481698922709653, 3.5898574080195944] 0.09859714729561278
10000 10 1.5 NoisySFW
1000 20 1.5 NoisySFW [30, 0.30472919596623305, 5.126320048233091] 0.061381432870644105
2000 20 1.5 NoisySFW
5000 20 1.5 NoisySFW [69, 0.2537630657963761, 4.260497131960168] 0.06150355889541952
5000 20 1.5 NoisySFW
10000 5 1.5 NoisySFW
1000 10 1.5 NoisySFW [30, 0.44760606667473696, 4.5508878674958835] 0.1003282940945216
1000 10 1.5 NoisySFW
1000 10 1.5 NoisySFW
2000 10 1.5 NoisySFW [43, 0.20834671763360713, 2.2684953744475247] 0.09324511556801042
2000 10 1.5 NoisySFW
1000 5 1.5 NoisySFW
2000 5 1.5 NoisySFW [43, 0.37940442075859104, 2.152621887237389] 0.17759477989945677
2000 5 1.5 NoisySFW
1000 10 1.5 NoisySFW [30, 0.2153609662467717, 2.228622252785594] 0.09787925644713033
1000 10 1.5 NoisySFW
2000 10 1.5 NoisySFW [43, 0.2373829878848319, 2.357808490254014] 0.10209284519248675
10000 5 1.5 NoisySFW [99, 0.04616072549818523, 0.2707381292160598] 0.16421756053270004
10000 5 1.5 NoisySFW
1000 10 1.5 NoisySFW [30, 0.5133441484873145, 5.203828939274872] 0.10054711850038722
2000 10 1.5 NoisySFW
5000 10 1.5 NoisySFW [69, 0.24805777065438764, 2.674944963136504] 0.09428901600409718
5000 10 1.5 NoisySFW
5000 5 1.5 NoisySFW
10000 5 1.5 NoisySFW [99, 0.06354488149585734, 0.3754947204359637] 0.1652535181144725
10000 5 1.5 NoisySFW
10000 5 1.5 NoisySFW
1000 10 1.5 NoisySFW [30, 0.32102793635952404, 3.0296101115050034] 0.10757996037140986
1000 10 1.5 NoisySFW
10000 20 1.5 NoisySFW
1000 50 1.5 NoisySFW [30, 0.07577322166245958, 2.2799056288164383] 0.034630697552808704
1000 50 1.5 NoisySFW
10000 5 1.5 NoisySFW [99, 0.08762508009790204, 0.5408293185278469] 0.15993616811051686
10000 5 1.5 NoisySFW
1000 10 1.5 NoisySFW [30, 0.6687947839613703, 6.558056834930595] 0.10408502448270411
1000 20 1.5 NoisySFW
2000 20 1.5 NoisySFW [43, 0.14132658317407543, 2.347223331992815] 0.061674324660181724
2000 20 1.5 NoisySFW
2000 5 1.5 NoisySFW
5000 5 1.5 NoisySFW [69, 0.4886369733876302, 3.122407728397535] 0.1582385462671409
5000 5 1.5 NoisySFW
10000 10 1.5 NoisySFW [99, 0.2658759766505052, 2.757705125104618] 0.09799807006969351
10000 10 1.5 NoisySFW
1000 20 1.5 NoisySFW [30, 0.23228636835077152, 3.8121075601348444] 0.06285246910748656
5000 10 1.5 NoisySFW [69, 0.3603857509586411, 3.6277780341024024] 0.10113445205910275
5000 10 1.5 NoisySFW
10000 10 1.5 NoisySFW [99, 0.27661069655197756, 2.8978029602863136] 0.09720445282738015
10000 50 1.5 NoisySFW [99, 0.11758595646371893, 3.8160947162529038] 0.032685586315599056
10000 50 1.5 NoisySFW
1000 5 1.5 NoisySFW [30, 0.21446012166697956, 1.255414765835198] 0.1713045411872801
1000 10 1.5 NoisySFW [30, 0.5289620040811548, 5.353460103382009] 0.10095549137851913
1000 10 1.5 NoisySFW
2000 10 1.5 NoisySFW [43, 0.3423119903077393, 3.4994097413189684] 0.09977247313075216
1000 50 1.5 NoisySFW [30, 0.1037731633746131, 2.9959764861789835] 0.03615557360519095
1000 50 1.5 NoisySFW
2000 50 1.5 NoisySFW [43, 0.09118435559485354, 2.650620099276679] 0.03588328377189231
10000 50 1.5 NoisySFW [99, 0.11019014438712296, 3.1775970551946986] 0.036409788022827135
10000 50 1.5 NoisySFW
1000 5 1.5 NoisySFW [30, 0.38881544743029095, 2.4006091652013284] 0.1633760360152413
10000 20 1.5 NoisySFW
1000 50 1.5 NoisySFW [30, 0.09944635994779233, 3.052293159942885] 0.03425538621828661
1000 50 1.5 NoisySFW
1000 5 1.5 NoisySFW [30, 0.5991587610932838, 3.6490193435611307] 0.1660408789849149
1000 5 1.5 NoisySFW
2000 5 1.5 NoisySFW [43, 0.48700491771592896, 2.9822768599067513] 0.16499193966047496
5000 50 1.5 NoisySFW
10000 50 1.5 NoisySFW [99, 0.10514411903144315, 3.3831631773756885] 0.03268326747772153
10000 50 1.5 NoisySFW
1000 10 1.5 NoisySFW [30, 0.5056956448629703, 5.023267593101981] 0.1027237695263462
1000 10 1.5 NoisySFW
2000 10 1.5 NoisySFW [43, 0.36298543587297494, 3.80780818575494] 0.09716995328905212
10000 10 1.5 NoisySFW
1000 20 1.5 NoisySFW [30, 0.19093532428802043, 3.035593325038987] 0.06458905034961035
1000 20 1.5 NoisySFW
5000 5 1.5 NoisySFW [69, 0.17119305454641284, 1.057340982216627] 0.16204214980018866
5000 5 1.5 NoisySFW
10000 5 1.5 NoisySFW [99, 0.0802877835788939, 0.46665296276190277] 0.16915937228553066
5000 10 1.5 NoisySFW
10000 10 1.5 NoisySFW [99, 0.4832792701615716, 4.992136195439922] 0.09895132457807097
10000 10 1.5 NoisySFW
10000 50 1.5 NoisySFW
1000 5 1.5 NoisySFW [30, 0.5203599673211952, 3.1206849462410022] 0.16843227243532527
1000 5 1.5 NoisySFW
1000 20 1.5 NoisySFW [30, 0.21569919092021128, 3.792422514250689] 0.05870928867719574
1000 20 1.5 NoisySFW
2000 20 1.5 NoisySFW [43, 0.2645184433533539, 4.056577553326098] 0.06702007023083556
5000 20 1.5 NoisySFW [69, 0.2883057188710119, 4.731996164480295] 0.0627937279754444
5000 20 1.5 NoisySFW
10000 20 1.5 NoisySFW [99, 0.2881308811962714, 4.720889491166539] 0.06303921801120446
2000 20 1.5 NoisySFW
5000 20 1.5 NoisySFW [69, 0.2574948507112549, 4.21004506698985] 0.0630318920525598
5000 20 1.5 NoisySFW
5000 5 1.5 NoisySFW
10000 5 1.5 NoisySFW [99, 0.01826748496583337, 0.0947338239216688] 0.16732935000676907
10000 5 1.5 NoisySFW
1000 5 1.5 NoisySFW
2000 5 1.5 NoisySFW [43, 0.2510041767721136, 1.5231823891643956] 0.1656624365984581
2000 5 1.5 NoisySFW
5000 50 1.5 NoisySFW [69, 0.09702240409883442, 3.102870126664607] 0.03286684598739829
5000 50 1.5 NoisySFW
10000 50 1.5 NoisySFW [99, 0.11296659531563347, 3.5724307898911007] 0.03349475535592714
1000 50 1.5 NoisySFW
2000 50 1.5 NoisySFW [43, 0.1243581978751523, 3.5197488192113457] 0.037135973839023034
2000 50 1.5 NoisySFW
10000 5 1.5 NoisySFW [99, 0.12213151099826618, 0.7282188200220603] 0.16681698049559376
10000 5 1.5 NoisySFW
1000 10 1.5 NoisySFW [30, 0.45551539275023506, 4.3093007023285494] 0.10763083945111059
2000 10 1.5 NoisySFW
5000 10 1.5 NoisySFW [69, 0.16740710021343944, 1.6386050038146838] 0.10320439675690554
5000 10 1.5 NoisySFW
2000 10 1.5 NoisySFW [43, 0.39181323708647403, 4.161861349369428] 0.09596512376689359
2000 10 1.5 NoisySFW
5000 10 1.5 NoisySFW [69, 0.565135845359069, 5.722546455926994] 0.10083336093518358
2000 20 1.5 NoisySFW [43, 0.26067829731424014, 4.056999949175692] 0.06609241850418406
2000 20 1.5 NoisySFW
5000 20 1.5 NoisySFW [69, 0.16369095013533863, 2.6753804204026768] 0.06282353845637298
2000 10 1.5 NoisySFW
5000 10 1.5 NoisySFW [69, 0.19496793916656782, 1.9578571062623848] 0.10075197470882655
5000 10 1.5 NoisySFW
10000 20 1.5 NoisySFW [99, 0.2592788237135194, 4.074981524145871] 0.06564202513407288
10000 20 1.5 NoisySFW
1000 50 1.5 NoisySFW [30, 0.07631795321880225, 2.4452235538660574] 0.03274044278100833
2000 50 1.5 NoisySFW
5000 50 1.5 NoisySFW [69, 0.14255987239391701, 4.156041444095113] 0.03601356231363094
5000 50 1.5 NoisySFW
2000 50 1.5 NoisySFW
5000 50 1.5 NoisySFW [69, 0.10017024418801372, 3.1097864231763954] 0.034049559112526516
5000 50 1.5 NoisySFW
1000 50 1.5 NoisySFW
2000 50 1.5 NoisySFW [43, 0.09140300912346709, 2.782694334126539] 0.0344677625227105
2000 50 1.5 NoisySFW
1000 20 1.5 NoisySFW
2000 20 1.5 NoisySFW [43, 0.24558964227483693, 3.8212091482032373] 0.06627801943878318
2000 20 1.5 NoisySFW
5000 20 1.5 NoisySFW
10000 20 1.5 NoisySFW [99, 0.1793428751499004, 2.926166991869327] 0.06294021429311011
10000 20 1.5 NoisySFW
5000 20 1.5 NoisySFW
10000 20 1.5 NoisySFW [99, 0.1815220277748936, 2.7891927591429213] 0.06673909404003836
10000 20 1.5 NoisySFW
10000 20 1.5 NoisySFW [99, 0.23757669669471362, 4.04606004834387] 0.06044083022082035
10000 20 1.5 NoisySFW
1000 50 1.5 NoisySFW [30, 0.08978834039538526, 2.8221288103936857] 0.03361283470408877
1000 5 1.5 NoisySFW
2000 5 1.5 NoisySFW [43, 0.3635398961748279, 2.1326434581897082] 0.17187536410614213
2000 5 1.5 NoisySFW
5000 10 1.5 NoisySFW [69, 0.20758542838687002, 2.084523083592231] 0.10083273799927363
5000 10 1.5 NoisySFW
10000 10 1.5 NoisySFW [99, 0.3008787988897754, 3.1231414122358347] 0.09801435684820876
1000 20 1.5 NoisySFW [30, 0.25246134832944517, 4.63898518505757] 0.05631918312389088
1000 20 1.5 NoisySFW
2000 20 1.5 NoisySFW [43, 0.21270370033784974, 3.4946404889514198] 0.06250114597368912
1000 20 1.5 NoisySFW
2000 20 1.5 NoisySFW [43, 0.2313385808221654, 3.88842270434356] 0.06129785493719773
2000 20 1.5 NoisySFW
10000 50 1.5 NoisySFW [99, 0.11464142648712024, 3.2920064039504795] 0.036570593804023874
10000 50 1.5 NoisySFW
10000 20 1.5 NoisySFW
1000 50 1.5 NoisySFW [30, 0.10724979256212747, 3.3383340321604944] 0.03406952887763933
1000 50 1.5 NoisySFW
10000 50 1.5 NoisySFW
1000 5 1.5 NoisySFW [30, 0.5033409875606195, 2.978939374302389] 0.1706263807555441
1000 5 1.5 NoisySFW
10000 5 1.5 NoisySFW
1000 10 1.5 NoisySFW [30, 0.31405419718308236, 3.139238941398627] 0.10189982103642528
1000 10 1.5 NoisySFW
5000 50 1.5 NoisySFW
10000 50 1.5 NoisySFW [99, 0.0975430086460261, 3.192515662652721] 0.03215134297927084
10000 50 1.5 NoisySFW
1000 10 1.5 NoisySFW
2000 10 1.5 NoisySFW [43, 0.520995891456195, 5.243753775192245] 0.1014273937162199
2000 10 1.5 NoisySFW
2000 20 1.5 NoisySFW [43, 0.28011960525826984, 4.718885903166286] 0.0613710540965327
2000 20 1.5 NoisySFW
5000 20 1.5 NoisySFW [69, 0.24972903353811715, 4.074718399706983] 0.06308463878346424
2000 5 1.5 NoisySFW
5000 5 1.5 NoisySFW [69, 0.1775699650779036, 1.1004509200818302] 0.16159584637205962
5000 5 1.5 NoisySFW
10000 10 1.5 NoisySFW [99, 0.5397407912362907, 5.53043088891991] 0.09986859181842495
10000 10 1.5 NoisySFW
1000 20 1.5 NoisySFW [30, 0.28579474656834825, 5.359265923394667] 0.055408416466984564
1000 50 1.5 NoisySFW [30, 0.11031426492247806, 3.3135724500946524] 0.03495112172800597
1000 50 1.5 NoisySFW
2000 50 1.5 NoisySFW [43, 0.09940492269077589, 2.9652550797844084] 0.035109014598922086
2000 50 1.5 NoisySFW [43, 0.10545503477758034, 3.4594906252613513] 0.03230015846262866
2000 50 1.5 NoisySFW
5000 50 1.5 NoisySFW [69, 0.13700942192626472, 4.016948452317903] 0.0359762518983565
2000 20 1.5 NoisySFW
5000 20 1.5 NoisySFW [69, 0.19209828540115276, 3.090362778300848] 0.06392181872651752
5000 20 1.5 NoisySFW
5000 10 1.5 NoisySFW
10000 10 1.5 NoisySFW [99, 0.5204329604345971, 5.440493348218173] 0.09766428820262618
10000 10 1.5 NoisySFW
2000 20 1.5 NoisySFW [43, 0.2535326739818662, 4.15401708112109] 0.0626804208269758
2000 20 1.5 NoisySFW
5000 20 1.5 NoisySFW [69, 0.2341926732978815, 4.144963803563203] 0.058402725510453175
2000 5 1.5 NoisySFW [43, 0.039094352166581206, 0.2260730907333859] 0.16429484435027716
2000 5 1.5 NoisySFW
5000 5 1.5 NoisySFW [69, 0.09652604701196413, 0.5709339702674716] 0.1673011784275693
2000 50 1.5 NoisySFW [43, 0.09687604073325763, 3.0886376394552073] 0.03312558336274787
2000 50 1.5 NoisySFW
5000 50 1.5 NoisySFW [69, 0.09010368785658232, 2.7077752810902016] 0.03483846590745227
2000 5 1.5 NoisySFW [43, 0.26688394492270456, 1.6187797821205638] 0.16580670085021992
2000 5 1.5 NoisySFW
5000 5 1.5 NoisySFW [69, 0.32887060252873934, 2.097272462194962] 0.15819642161882502
5000 10 1.5 NoisySFW [69, 0.3672251474056916, 3.640740461850082] 0.10264564051016907
5000 10 1.5 NoisySFW
10000 10 1.5 NoisySFW [99, 0.19004867298659134, 1.938089293425318] 0.09932684139719786
2000 5 1.5 NoisySFW
5000 5 1.5 NoisySFW [69, 0.13070219823357257, 0.7773230502381228] 0.16739738048908265
5000 5 1.5 NoisySFW
10000 10 1.5 NoisySFW
1000 20 1.5 NoisySFW [30, 0.25900894247444606, 4.674156777348917] 0.05736924472433481
1000 20 1.5 NoisySFW
5000 50 1.5 NoisySFW
10000 50 1.5 NoisySFW [99, 0.12033150501089952, 3.4027850250916596] 0.037122621007780354
10000 50 1.5 NoisySFW
10000 10 1.5 NoisySFW
1000 20 1.5 NoisySFW [30, 0.21427870783061848, 3.401769317856609] 0.0646223294190291
1000 20 1.5 NoisySFW
5000 5 1.5 NoisySFW [69, 0.08638357726252965, 0.5188207053529126] 0.1641518091581398
5000 5 1.5 NoisySFW
10000 5 1.5 NoisySFW [99, 0.01951896782213126, 0.1101032893427344] 0.1577402142830236
1000 10 1.5 NoisySFW
2000 10 1.5 NoisySFW [43, 0.4457808717423617, 4.391126317830482] 0.10342791945022964
2000 10 1.5 NoisySFW
1000 50 1.5 NoisySFW
2000 50 1.5 NoisySFW [43, 0.11710301572390941, 3.5921194525926787] 0.03445951659917938
2000 50 1.5 NoisySFW
5000 20 1.5 NoisySFW [69, 0.26209482214387536, 4.416172328369936] 0.061148724377175494
5000 20 1.5 NoisySFW
10000 20 1.5 NoisySFW [99, 0.2927417373441291, 4.630939485775592] 0.06504269704075177
2000 10 1.5 NoisySFW [43, 0.3361844530432754, 3.530254849148427] 0.09717293978341385
2000 10 1.5 NoisySFW
5000 10 1.5 NoisySFW [69, 0.44990042733926827, 4.546906474628238] 0.10091961727482553
5000 50 1.5 NoisySFW [69, 0.10964171881475787, 3.2488675350227756] 0.03549452858057177
5000 50 1.5 NoisySFW
10000 50 1.5 NoisySFW [99, 0.11483051708029057, 3.5775222858304327] 0.03393626288428523
5000 20 1.5 NoisySFW
10000 20 1.5 NoisySFW [99, 0.20045534673564322, 3.244840997605574] 0.06349182593521471
10000 20 1.5 NoisySFW
../dpsco-results/p=1.5-d=5-T=1000-scale=1-noise_free=False-test_flag=True/
../dpsco-results/p=1.5-d=5-T=1000-scale=1-noise_free=False-test_flag=False/
../dpsco-results/p=1.5-d=5-T=2000-scale=1-noise_free=False-test_flag=True/
../dpsco-results/p=1.5-d=5-T=2000-scale=1-noise_free=False-test_flag=False/
../dpsco-results/p=1.5-d=5-T=5000-scale=1-noise_free=False-test_flag=True/
../dpsco-results/p=1.5-d=5-T=5000-scale=1-noise_free=False-test_flag=False/
../dpsco-results/p=1.5-d=5-T=10000-scale=1-noise_free=False-test_flag=True/
../dpsco-results/p=1.5-d=5-T=10000-scale=1-noise_free=False-test_flag=False/
../dpsco-results/p=1.5-d=10-T=1000-scale=1-noise_free=False-test_flag=True/
../dpsco-results/p=1.5-d=10-T=1000-scale=1-noise_free=False-test_flag=False/
../dpsco-results/p=1.5-d=10-T=2000-scale=1-noise_free=False-test_flag=True/
../dpsco-results/p=1.5-d=10-T=2000-scale=1-noise_free=False-test_flag=False/
../dpsco-results/p=1.5-d=10-T=5000-scale=1-noise_free=False-test_flag=True/
../dpsco-results/p=1.5-d=10-T=5000-scale=1-noise_free=False-test_flag=False/
../dpsco-results/p=1.5-d=10-T=10000-scale=1-noise_free=False-test_flag=True/
../dpsco-results/p=1.5-d=10-T=10000-scale=1-noise_free=False-test_flag=False/
../dpsco-results/p=1.5-d=20-T=1000-scale=1-noise_free=False-test_flag=True/
../dpsco-results/p=1.5-d=20-T=1000-scale=1-noise_free=False-test_flag=False/
../dpsco-results/p=1.5-d=20-T=2000-scale=1-noise_free=False-test_flag=True/
../dpsco-results/p=1.5-d=20-T=2000-scale=1-noise_free=False-test_flag=False/
../dpsco-results/p=1.5-d=20-T=5000-scale=1-noise_free=False-test_flag=True/
../dpsco-results/p=1.5-d=20-T=5000-scale=1-noise_free=False-test_flag=False/
../dpsco-results/p=1.5-d=20-T=10000-scale=1-noise_free=False-test_flag=True/
../dpsco-results/p=1.5-d=20-T=10000-scale=1-noise_free=False-test_flag=False/
../dpsco-results/p=1.5-d=50-T=1000-scale=1-noise_free=False-test_flag=True/
../dpsco-results/p=1.5-d=50-T=1000-scale=1-noise_free=False-test_flag=False/
../dpsco-results/p=1.5-d=50-T=2000-scale=1-noise_free=False-test_flag=True/
../dpsco-results/p=1.5-d=50-T=2000-scale=1-noise_free=False-test_flag=False/
../dpsco-results/p=1.5-d=50-T=5000-scale=1-noise_free=False-test_flag=True/
../dpsco-results/p=1.5-d=50-T=5000-scale=1-noise_free=False-test_flag=False/
../dpsco-results/p=1.5-d=50-T=10000-scale=1-noise_free=False-test_flag=True/
../dpsco-results/p=1.5-d=50-T=10000-scale=1-noise_free=False-test_flag=False/
using 30 processes
10000 20 inf OFW_pge2
1000 50 inf OFW_pge2 [1000, 0.01595025028178897, 4.122485139371399] 0.00560276697026273
1000 50 inf OFW_pge2
2000 50 inf OFW_pge2
5000 50 inf OFW_pge2 [5000, 0.01214721736330778, 3.2018947831842333] 0.00559506778233472
5000 50 inf OFW_pge2
5000 50 inf OFW_pge2
10000 50 inf OFW_pge2 [10000, 0.010934379394437909, 2.4333618296875876] 0.006100200654941025
10000 50 inf OFW_pge2
1000 50 inf OFW_pge2
2000 50 inf OFW_pge2 [2000, 0.010174024836070661, 2.348354802821485] 0.005782144280241859
2000 50 inf OFW_pge2
2000 5 inf OFW_pge2
5000 5 inf OFW_pge2 [5000, 0.25094455689867895, 0.8295011646469732] 0.30198720153092223
5000 5 inf OFW_pge2
2000 5 inf OFW_pge2
5000 5 inf OFW_pge2 [5000, 0.38433605212267524, 1.3404567437803205] 0.2873629116450772
5000 5 inf OFW_pge2
10000 5 inf OFW_pge2
1000 10 inf OFW_pge2 [1000, 0.12840537497315507, 1.651887421081879] 0.0786206711226292
1000 10 inf OFW_pge2
10000 10 inf OFW_pge2 [10000, 0.04878404061214288, 0.5943527027867039] 0.08032036861744535
10000 10 inf OFW_pge2
1000 20 inf OFW_pge2 [1000, 0.031534738205942804, 1.5576493671439477] 0.02118074200473352
10000 20 inf OFW_pge2
1000 50 inf OFW_pge2 [1000, 0.01180437636872421, 3.191554634014255] 0.005316164974064373
1000 50 inf OFW_pge2
1000 5 inf OFW_pge2
2000 5 inf OFW_pge2 [2000, 0.15006423692503687, 0.4784014208040335] 0.3109814918410568
2000 5 inf OFW_pge2
5000 20 inf OFW_pge2
10000 20 inf OFW_pge2 [10000, 0.01941360905464907, 0.9763762721853336] 0.019824401388360842
10000 20 inf OFW_pge2
5000 20 inf OFW_pge2
10000 20 inf OFW_pge2 [10000, 0.03212635182483877, 1.610162908744847] 0.020901472521543916
10000 20 inf OFW_pge2
1000 5 inf OFW_pge2 [1000, 0.2934471023803143, 0.9794293275577023] 0.29955806980978034
1000 5 inf OFW_pge2
2000 5 inf OFW_pge2 [2000, 0.20040244310932592, 0.6684459950789268] 0.2985848083704066
10000 10 inf OFW_pge2
1000 20 inf OFW_pge2 [1000, 0.03937328207593438, 1.9532381974053263] 0.021420467778589268
1000 20 inf OFW_pge2
1000 50 inf OFW_pge2 [1000, 0.012183381626940909, 3.7016295715070737] 0.004985598554223331
1000 50 inf OFW_pge2
2000 50 inf OFW_pge2 [2000, 0.01471572133382291, 4.091218723260912] 0.005410644477267576
10000 20 inf OFW_pge2 [10000, 0.03604465033995565, 1.7797208413162695] 0.02136986983438426
10000 20 inf OFW_pge2
1000 50 inf OFW_pge2 [1000, 0.011265228470565467, 2.944469476863282] 0.005474820141898592
10000 10 inf OFW_pge2 [10000, 0.07048306210352451, 0.8827158846005051] 0.07954356196126736
10000 10 inf OFW_pge2
1000 20 inf OFW_pge2 [1000, 0.042029869956541406, 2.097704134441666] 0.021364105970937936
1000 10 inf OFW_pge2
2000 10 inf OFW_pge2 [2000, 0.0948788046936717, 1.1818756578591765] 0.08063457653914323
2000 10 inf OFW_pge2
2000 10 inf OFW_pge2 [2000, 0.1046640630710676, 1.4548536335385385] 0.0727339480040875
2000 10 inf OFW_pge2
5000 10 inf OFW_pge2 [5000, 0.07171160143139634, 0.8782467248910896] 0.08130392144842503
10000 20 inf OFW_pge2 [10000, 0.03250441786768079, 1.5215860516890074] 0.022244063187757162
10000 20 inf OFW_pge2
1000 50 inf OFW_pge2 [1000, 0.01128388827254215, 3.0125083636146797] 0.005366093209484043
5000 50 inf OFW_pge2 [5000, 0.013957726934499043, 3.8181766715880157] 0.005515874090588145
5000 50 inf OFW_pge2
10000 50 inf OFW_pge2 [10000, 0.012554891457822471, 2.9519501679757543] 0.005992176237243092
1000 10 inf OFW_pge2 [1000, 0.06304769523153221, 0.7983240742992331] 0.07835583461020652
1000 10 inf OFW_pge2
2000 10 inf OFW_pge2 [2000, 0.0888644793520088, 1.1710759714666388] 0.07626381304116646
2000 50 inf OFW_pge2 [2000, 0.011127802709728239, 2.602205903487731] 0.005821142926561809
2000 50 inf OFW_pge2
5000 50 inf OFW_pge2 [5000, 0.00939272353184456, 2.115377938154672] 0.005749957063025046
10000 50 inf OFW_pge2
1000 5 inf OFW_pge2 [1000, 0.16178934336872164, 0.5363021197601654] 0.29939698625422806
1000 5 inf OFW_pge2
10000 50 inf OFW_pge2
1000 5 inf OFW_pge2 [1000, 0.43459985463912515, 1.4921800539198034] 0.29206425415592524
1000 5 inf OFW_pge2
10000 50 inf OFW_pge2 [10000, 0.009037794678501599, 2.0701242019183095] 0.0055625606448339885
10000 50 inf OFW_pge2
1000 5 inf OFW_pge2 [1000, 0.2208126522126703, 0.7434241901231896] 0.2961922934295826
1000 10 inf OFW_pge2 [1000, 0.07244028930049615, 0.9306285644783928] 0.07765993446766131
1000 10 inf OFW_pge2
2000 10 inf OFW_pge2 [2000, 0.10623183808083639, 1.3537484861416684] 0.07916924384691625
1000 5 inf OFW_pge2 [1000, 0.20807501484729476, 0.6925203173044666] 0.29926259961415963
1000 5 inf OFW_pge2
2000 5 inf OFW_pge2 [2000, 0.14756022728019483, 0.5330402778544998] 0.27457260940364486
1000 5 inf OFW_pge2
2000 5 inf OFW_pge2 [2000, 0.24693689299770627, 0.8054821871493201] 0.30598195131375433
2000 5 inf OFW_pge2
5000 20 inf OFW_pge2 [5000, 0.027570446711834933, 1.4228088098176725] 0.020081563861158985
5000 20 inf OFW_pge2
10000 20 inf OFW_pge2 [10000, 0.023312372412129422, 1.0651728643047191] 0.02203315478727732
2000 5 inf OFW_pge2 [2000, 0.12331120443021246, 0.3917960361406178] 0.31081807638304376
2000 5 inf OFW_pge2
5000 5 inf OFW_pge2 [5000, 0.12122226248559989, 0.39681589565373787] 0.3015496893060506
5000 5 inf OFW_pge2
10000 5 inf OFW_pge2 [10000, 0.23322810801942365, 0.7578584340666839] 0.30695184970115585
10000 5 inf OFW_pge2
1000 10 inf OFW_pge2
2000 10 inf OFW_pge2 [2000, 0.1151281413639132, 1.3891334408035074] 0.08365792957656285
2000 10 inf OFW_pge2
1000 50 inf OFW_pge2 [1000, 0.013693500283177708, 3.4491417041132237] 0.0057608111421942
1000 50 inf OFW_pge2
2000 50 inf OFW_pge2 [2000, 0.016066283186244708, 3.829238548336572] 0.00600160398596068
10000 50 inf OFW_pge2 [10000, 0.010384510099285484, 2.470414661978998] 0.0056784646491676955
10000 50 inf OFW_pge2
1000 5 inf OFW_pge2 [1000, 0.16032334543206248, 0.5404844341457513] 0.2944538872493672
1000 10 inf OFW_pge2 [1000, 0.12606248705730363, 1.7102277796823337] 0.07476777405861437
1000 10 inf OFW_pge2
2000 10 inf OFW_pge2 [2000, 0.11603731989983701, 1.4544818795639052] 0.08053569295721448
5000 10 inf OFW_pge2 [5000, 0.10839190987198365, 1.376665537973577] 0.07943044602252212
5000 10 inf OFW_pge2
10000 10 inf OFW_pge2 [10000, 0.10354680036833852, 1.3708617278920774] 0.07618428429058796
2000 20 inf OFW_pge2 [2000, 0.029265964850867087, 1.4158833679315872] 0.02140604614544931
2000 20 inf OFW_pge2
5000 20 inf OFW_pge2 [5000, 0.0474185466782492, 2.4008179017314473] 0.0211109225209632
5000 10 inf OFW_pge2 [5000, 0.13159941536352215, 1.757452006301984] 0.07597267751172201
5000 10 inf OFW_pge2
10000 10 inf OFW_pge2 [10000, 0.12493927505670029, 1.5962467881659084] 0.07924855036372602
2000 20 inf OFW_pge2 [2000, 0.04560600485437207, 2.2259880055255223] 0.021847505260466214
2000 20 inf OFW_pge2
5000 20 inf OFW_pge2 [5000, 0.02925618504648473, 1.533400236992209] 0.019962289465940378
2000 10 inf OFW_pge2
5000 10 inf OFW_pge2 [5000, 0.10981860896968813, 1.4007708223003796] 0.07910029081848657
5000 10 inf OFW_pge2
10000 5 inf OFW_pge2
1000 10 inf OFW_pge2 [1000, 0.05975866901979948, 0.8322300958178236] 0.0713196364794971
1000 10 inf OFW_pge2
2000 50 inf OFW_pge2
5000 50 inf OFW_pge2 [5000, 0.009172227152644123, 2.2127692223337236] 0.005578858462349793
5000 50 inf OFW_pge2
1000 5 inf OFW_pge2 [1000, 0.3980548997557756, 1.321625984385841] 0.3018053338591615
1000 5 inf OFW_pge2
2000 5 inf OFW_pge2 [2000, 0.38348044009452315, 1.3040664123026118] 0.29461953718273326
2000 20 inf OFW_pge2
5000 20 inf OFW_pge2 [5000, 0.034813567589827524, 1.5649262934520798] 0.02305566694762134
5000 20 inf OFW_pge2
2000 20 inf OFW_pge2 [2000, 0.04817678578860563, 2.1911246803630795] 0.02344308515905093
2000 20 inf OFW_pge2
5000 20 inf OFW_pge2 [5000, 0.027034618182714316, 1.335246503068764] 0.020901760823072487
2000 20 inf OFW_pge2
5000 20 inf OFW_pge2 [5000, 0.023204556798412986, 1.0556161965754394] 0.02211637215070373
5000 20 inf OFW_pge2
1000 5 inf OFW_pge2 [1000, 0.3409114607500863, 1.1334406360686402] 0.3010764099471926
1000 5 inf OFW_pge2
2000 5 inf OFW_pge2 [2000, 0.2742081439728943, 0.9600351329631194] 0.2855113704342943
1000 50 inf OFW_pge2
2000 50 inf OFW_pge2 [2000, 0.013787325136306731, 3.278051128924871] 0.005973354859378241
2000 50 inf OFW_pge2
5000 20 inf OFW_pge2 [5000, 0.03819799296187636, 1.8791022757539] 0.021494900455789206
5000 20 inf OFW_pge2
10000 20 inf OFW_pge2 [10000, 0.03974993620103958, 1.8264798928513044] 0.022852260825947497
5000 20 inf OFW_pge2
10000 20 inf OFW_pge2 [10000, 0.04111013977502564, 2.0106881299837207] 0.021650765245484926
10000 20 inf OFW_pge2
2000 10 inf OFW_pge2
5000 10 inf OFW_pge2 [5000, 0.06615404946511008, 0.8300621755401686] 0.07916685794977428
5000 10 inf OFW_pge2
5000 50 inf OFW_pge2 [5000, 0.010997931015614856, 2.435530399346624] 0.005954148606286138
5000 50 inf OFW_pge2
10000 50 inf OFW_pge2 [10000, 0.01128761480781179, 2.7852563102924277] 0.005734758447779722
10000 10 inf OFW_pge2
1000 20 inf OFW_pge2 [1000, 0.04484837367587951, 2.3435328214534885] 0.020565003061711985
1000 20 inf OFW_pge2
10000 50 inf OFW_pge2 [10000, 0.012514223781003208, 3.3293977406625737] 0.005477900792140007
10000 50 inf OFW_pge2
1000 5 inf OFW_pge2 [1000, 0.22611210870607326, 0.7418975708219345] 0.3039526937310201
10000 5 inf OFW_pge2
1000 10 inf OFW_pge2 [1000, 0.17300403757128532, 2.2828603944568235] 0.07720850367927753
1000 10 inf OFW_pge2
2000 50 inf OFW_pge2
5000 50 inf OFW_pge2 [5000, 0.010596190613703118, 2.9354530759055906] 0.005093427679872636
5000 50 inf OFW_pge2
1000 50 inf OFW_pge2 [1000, 0.010622951508401287, 2.438876537470467] 0.005930473926100957
1000 50 inf OFW_pge2
2000 50 inf OFW_pge2 [2000, 0.01353329375518777, 3.740357609407984] 0.005445147577241032
1000 50 inf OFW_pge2
2000 50 inf OFW_pge2 [2000, 0.01284221716194304, 3.267169482044595] 0.0056898566528461895
2000 50 inf OFW_pge2
10000 20 inf OFW_pge2
1000 50 inf OFW_pge2 [1000, 0.017494017197852388, 4.66936452633052] 0.0057124113662551735
1000 50 inf OFW_pge2
1000 20 inf OFW_pge2 [1000, 0.04670449649235698, 2.1199455363337925] 0.023444682924141307
1000 20 inf OFW_pge2
2000 20 inf OFW_pge2 [2000, 0.03602130735408344, 1.8191603733875656] 0.020864082700758964
10000 10 inf OFW_pge2 [10000, 0.08707845720998922, 1.0847458235060379] 0.08046468341578843
10000 10 inf OFW_pge2
1000 20 inf OFW_pge2 [1000, 0.04232285180304154, 2.072246272239932] 0.021728598674793695
5000 5 inf OFW_pge2 [5000, 0.19010862710331575, 0.6633785093560803] 0.2853838048973209
5000 5 inf OFW_pge2
10000 5 inf OFW_pge2 [10000, 0.15628828742539114, 0.5270215366193665] 0.29428043056635655
2000 10 inf OFW_pge2
5000 10 inf OFW_pge2 [5000, 0.06722473593549265, 0.8641597675977208] 0.07740510327607633
5000 10 inf OFW_pge2
2000 50 inf OFW_pge2
5000 50 inf OFW_pge2 [5000, 0.013164960666208576, 3.3058223543825402] 0.005836147517477171
5000 50 inf OFW_pge2
1000 20 inf OFW_pge2
2000 20 inf OFW_pge2 [2000, 0.03186317571706086, 1.4785044783370291] 0.022373863869899965
2000 20 inf OFW_pge2
10000 5 inf OFW_pge2 [10000, 0.2363767586458816, 0.8137599640660163] 0.28991711381373514
10000 5 inf OFW_pge2
1000 10 inf OFW_pge2 [1000, 0.13965504395068604, 1.7288040568386165] 0.08181450978266233
10000 10 inf OFW_pge2
1000 20 inf OFW_pge2 [1000, 0.042939002041257564, 2.1207792522351223] 0.021546338154792247
1000 20 inf OFW_pge2
1000 10 inf OFW_pge2
2000 10 inf OFW_pge2 [2000, 0.057965409804640475, 0.794555717056323] 0.07237762104521375
2000 10 inf OFW_pge2
1000 10 inf OFW_pge2
2000 10 inf OFW_pge2 [2000, 0.16994088588574277, 2.2058306588546173] 0.07838216621987332
2000 10 inf OFW_pge2
5000 10 inf OFW_pge2
10000 10 inf OFW_pge2 [10000, 0.06271017851157185, 0.8098082398990895] 0.07682190066703506
10000 10 inf OFW_pge2
5000 10 inf OFW_pge2
10000 10 inf OFW_pge2 [10000, 0.040219597300554355, 0.47987451435042056] 0.0810142465817125
10000 10 inf OFW_pge2
2000 5 inf OFW_pge2
5000 5 inf OFW_pge2 [5000, 0.23803948262561805, 0.7836671307822629] 0.3030573451343714
5000 5 inf OFW_pge2
2000 50 inf OFW_pge2 [2000, 0.014644927508980395, 4.562299474727174] 0.004931441407414619
2000 50 inf OFW_pge2
5000 50 inf OFW_pge2 [5000, 0.00975325668453696, 2.369931113761587] 0.005614238897130225
2000 20 inf OFW_pge2
5000 20 inf OFW_pge2 [5000, 0.03189887317379039, 1.4028541229561988] 0.023494328556859307
5000 20 inf OFW_pge2
5000 50 inf OFW_pge2
10000 50 inf OFW_pge2 [10000, 0.010286159523279945, 2.3266859420697035] 0.005798738952898056
10000 50 inf OFW_pge2
5000 20 inf OFW_pge2 [5000, 0.046054987864433024, 2.4116627715831895] 0.020640322969986215
5000 20 inf OFW_pge2
10000 20 inf OFW_pge2 [10000, 0.04004454507220214, 2.017135498151075] 0.021191412881827732
10000 20 inf OFW_pge2 [10000, 0.024547750885792637, 1.167451441311542] 0.021372088104156674
10000 20 inf OFW_pge2
1000 50 inf OFW_pge2 [1000, 0.01266918407546953, 3.5253153906424504] 0.005442731657415791
5000 5 inf OFW_pge2 [5000, 0.2999525318334791, 0.9464858346776862] 0.3167601525087039
5000 5 inf OFW_pge2
10000 5 inf OFW_pge2 [10000, 0.15445001044866952, 0.5773319542853378] 0.26570623330946486
2000 5 inf OFW_pge2 [2000, 0.10776952910328097, 0.3709659205805966] 0.2863577233266095
2000 5 inf OFW_pge2
5000 5 inf OFW_pge2 [5000, 0.2633046934734267, 0.9107139268190141] 0.28886878165708846
2000 10 inf OFW_pge2 [2000, 0.04778683879400856, 0.6232102118577657] 0.07521025203039472
2000 10 inf OFW_pge2
5000 10 inf OFW_pge2 [5000, 0.07400065568795777, 0.9606014770182164] 0.0769323428417043
10000 5 inf OFW_pge2 [10000, 0.334643707509577, 1.1238900578162663] 0.29804146832633965
10000 5 inf OFW_pge2
1000 10 inf OFW_pge2 [1000, 0.05306119160984848, 0.6823278590358772] 0.07658888217242356
1000 20 inf OFW_pge2 [1000, 0.04440741444718247, 2.2047572965357145] 0.02141806709042988
1000 20 inf OFW_pge2
2000 20 inf OFW_pge2 [2000, 0.045994006122773885, 2.1220074236214277] 0.022961133822681133
2000 50 inf OFW_pge2 [2000, 0.013031867609777798, 3.3735077697535303] 0.005626326850438381
2000 50 inf OFW_pge2
5000 50 inf OFW_pge2 [5000, 0.012042375618925747, 3.125727576576366] 0.005515278158402744
5000 5 inf OFW_pge2 [5000, 0.18994996904541744, 0.6171991366439878] 0.30626812519375884
5000 5 inf OFW_pge2
10000 5 inf OFW_pge2 [10000, 0.1109637114133752, 0.38518033217688424] 0.2841962259846646
5000 20 inf OFW_pge2
10000 20 inf OFW_pge2 [10000, 0.02732624789307472, 1.264313232492518] 0.02216184662169916
10000 20 inf OFW_pge2
5000 10 inf OFW_pge2 [5000, 0.06465834500935108, 0.7982986790921656] 0.08038965740094176
5000 10 inf OFW_pge2
10000 10 inf OFW_pge2 [10000, 0.0829555931376016, 1.0038250545897245] 0.08264937631966371
5000 5 inf OFW_pge2
10000 5 inf OFW_pge2 [10000, 0.268944076741693, 0.9193257123955548] 0.29234282082328605
10000 5 inf OFW_pge2
1000 50 inf OFW_pge2 [1000, 0.01466831854049575, 3.7496077661028155] 0.005732065100338424
1000 50 inf OFW_pge2
2000 50 inf OFW_pge2 [2000, 0.014750401454000769, 4.2239727671670675] 0.005425253606568183
5000 50 inf OFW_pge2
10000 50 inf OFW_pge2 [10000, 0.011915404274717592, 2.9519596771477095] 0.005684076125194159
10000 50 inf OFW_pge2
2000 20 inf OFW_pge2 [2000, 0.04470037101507441, 2.105263355023535] 0.022470170222990034
2000 20 inf OFW_pge2
5000 20 inf OFW_pge2 [5000, 0.0414965738927275, 2.0866161359898565] 0.02117064908188228
10000 50 inf OFW_pge2
1000 5 inf OFW_pge2 [1000, 0.470715655256745, 1.5268655079607705] 0.30911649210884934
1000 5 inf OFW_pge2
10000 50 inf OFW_pge2 [10000, 0.010562480123284378, 2.5901769971193884] 0.005645755114402098
10000 50 inf OFW_pge2
2000 10 inf OFW_pge2 [2000, 0.09840466069212388, 1.2286647988492878] 0.0805590013043281
2000 10 inf OFW_pge2
5000 10 inf OFW_pge2 [5000, 0.12066144206459054, 1.4777831593507886] 0.08246805496259638
1000 20 inf OFW_pge2 [1000, 0.05293815811781117, 2.385042752281887] 0.0236523909518852
1000 20 inf OFW_pge2
2000 20 inf OFW_pge2 [2000, 0.043979914514683395, 2.073158634015288] 0.02254961109754283
2000 5 inf OFW_pge2 [2000, 0.29893334987527476, 1.0699337262934667] 0.279564935610643
2000 5 inf OFW_pge2
5000 5 inf OFW_pge2 [5000, 0.4395631746059695, 1.470707664601437] 0.29971667884605335
1000 20 inf OFW_pge2
2000 20 inf OFW_pge2 [2000, 0.028493103559656206, 1.3325887895464175] 0.022028388827424705
2000 20 inf OFW_pge2
2000 5 inf OFW_pge2
5000 5 inf OFW_pge2 [5000, 0.23170463108847256, 0.7550316432942046] 0.30607594776709923
5000 5 inf OFW_pge2
5000 10 inf OFW_pge2
10000 10 inf OFW_pge2 [10000, 0.09162282071378075, 1.1697270419953878] 0.07868350348487897
10000 10 inf OFW_pge2
5000 5 inf OFW_pge2
10000 5 inf OFW_pge2 [10000, 0.11489929900788154, 0.39606343211533157] 0.2865742811663381
10000 5 inf OFW_pge2
5000 50 inf OFW_pge2 [5000, 0.011115891611569069, 3.1648359085049393] 0.005386960025348479
5000 50 inf OFW_pge2
10000 50 inf OFW_pge2 [10000, 0.011228281983681004, 2.92130490431314] 0.005414140102716247
1000 20 inf OFW_pge2
2000 20 inf OFW_pge2 [2000, 0.03810707982174151, 1.8769424756340245] 0.021443310742221996
2000 20 inf OFW_pge2
10000 10 inf OFW_pge2
1000 20 inf OFW_pge2 [1000, 0.0380184767107505, 1.9013175072434028] 0.021238854058232302
1000 20 inf OFW_pge2
10000 5 inf OFW_pge2 [10000, 0.15129956377835813, 0.5015414367072285] 0.29925433333402496
10000 5 inf OFW_pge2
1000 10 inf OFW_pge2 [1000, 0.05054432804699766, 0.6874588094430739] 0.07240516701141089
10000 5 inf OFW_pge2 [10000, 0.09546193758306566, 0.3294825829206156] 0.28466126824817495
10000 5 inf OFW_pge2
1000 10 inf OFW_pge2 [1000, 0.07396682103638426, 0.9341371992009792] 0.07901301237532979
1000 5 inf OFW_pge2
2000 5 inf OFW_pge2 [2000, 0.32243073701307867, 1.0851176945565326] 0.29732916540989685
2000 5 inf OFW_pge2
5000 10 inf OFW_pge2 [5000, 0.12719089453334875, 1.525517924754865] 0.08424442389079038
5000 10 inf OFW_pge2
10000 10 inf OFW_pge2 [10000, 0.10888370637757203, 1.3996129503112378] 0.0784895771687101
../dpsco-results/p=inf-d=5-T=1000-scale=1-noise_free=False-test_flag=True/
../dpsco-results/p=inf-d=5-T=1000-scale=1-noise_free=False-test_flag=False/
../dpsco-results/p=inf-d=5-T=2000-scale=1-noise_free=False-test_flag=True/
../dpsco-results/p=inf-d=5-T=2000-scale=1-noise_free=False-test_flag=False/
../dpsco-results/p=inf-d=5-T=5000-scale=1-noise_free=False-test_flag=True/
../dpsco-results/p=inf-d=5-T=5000-scale=1-noise_free=False-test_flag=False/
../dpsco-results/p=inf-d=5-T=10000-scale=1-noise_free=False-test_flag=True/
../dpsco-results/p=inf-d=5-T=10000-scale=1-noise_free=False-test_flag=False/
../dpsco-results/p=inf-d=10-T=1000-scale=1-noise_free=False-test_flag=True/
../dpsco-results/p=inf-d=10-T=1000-scale=1-noise_free=False-test_flag=False/
../dpsco-results/p=inf-d=10-T=2000-scale=1-noise_free=False-test_flag=True/
../dpsco-results/p=inf-d=10-T=2000-scale=1-noise_free=False-test_flag=False/
../dpsco-results/p=inf-d=10-T=5000-scale=1-noise_free=False-test_flag=True/
../dpsco-results/p=inf-d=10-T=5000-scale=1-noise_free=False-test_flag=False/
../dpsco-results/p=inf-d=10-T=10000-scale=1-noise_free=False-test_flag=True/
../dpsco-results/p=inf-d=10-T=10000-scale=1-noise_free=False-test_flag=False/
../dpsco-results/p=inf-d=20-T=1000-scale=1-noise_free=False-test_flag=True/
../dpsco-results/p=inf-d=20-T=1000-scale=1-noise_free=False-test_flag=False/
../dpsco-results/p=inf-d=20-T=2000-scale=1-noise_free=False-test_flag=True/
../dpsco-results/p=inf-d=20-T=2000-scale=1-noise_free=False-test_flag=False/
../dpsco-results/p=inf-d=20-T=5000-scale=1-noise_free=False-test_flag=True/
../dpsco-results/p=inf-d=20-T=5000-scale=1-noise_free=False-test_flag=False/
../dpsco-results/p=inf-d=20-T=10000-scale=1-noise_free=False-test_flag=True/
../dpsco-results/p=inf-d=20-T=10000-scale=1-noise_free=False-test_flag=False/
../dpsco-results/p=inf-d=50-T=1000-scale=1-noise_free=False-test_flag=True/
../dpsco-results/p=inf-d=50-T=1000-scale=1-noise_free=False-test_flag=False/
../dpsco-results/p=inf-d=50-T=2000-scale=1-noise_free=False-test_flag=True/
../dpsco-results/p=inf-d=50-T=2000-scale=1-noise_free=False-test_flag=False/
../dpsco-results/p=inf-d=50-T=5000-scale=1-noise_free=False-test_flag=True/
../dpsco-results/p=inf-d=50-T=5000-scale=1-noise_free=False-test_flag=False/
../dpsco-results/p=inf-d=50-T=10000-scale=1-noise_free=False-test_flag=True/
../dpsco-results/p=inf-d=50-T=10000-scale=1-noise_free=False-test_flag=False/
using 30 processes
1000 20 inf NoisySGD [1000000, 0.01757581025754992, 0.8652690144008177] 0.01993160084871429
1000 20 inf NoisySGD
2000 20 inf NoisySGD [4000000, 0.018010505510438077, 0.84475169229222] 0.020868974963540152
2000 50 inf NoisySGD [4000000, 0.005462055405057898, 1.0370660360306811] 0.005358198110194044
2000 50 inf NoisySGD
5000 50 inf NoisySGD [25000000, 0.005428096913038185, 0.9220935148536346] 0.005676525420141396
10000 50 inf NoisySGD [100000000, 0.005274325566310955, 0.814067571559348] 0.005901529171721988
10000 50 inf NoisySGD
1000 5 inf NoisySGD [1000000, 0.02705806565473874, 0.08444527331678664] 0.29420624603404616
2000 50 inf NoisySGD [4000000, 0.005551635698249902, 0.9551100264908492] 0.005696431693486273
2000 50 inf NoisySGD
5000 50 inf NoisySGD [25000000, 0.0058706268372198285, 0.9976742692608789] 0.005878223977850283
5000 10 inf NoisySGD [25000000, 0.015422370413821853, 0.17034441421121346] 0.0784748937046067
5000 10 inf NoisySGD
10000 10 inf NoisySGD [100000000, 0.01054295393902793, 0.10548152630725624] 0.07730143017867352
10000 10 inf NoisySGD
1000 20 inf NoisySGD [1000000, 0.018801939115590416, 0.8591279896181387] 0.021528753605467587
1000 20 inf NoisySGD
1000 50 inf NoisySGD [1000000, 0.006214629074029033, 1.2571833342860854] 0.005456335777077574
1000 50 inf NoisySGD
2000 50 inf NoisySGD [4000000, 0.0054303083057062745, 0.9626150479717762] 0.005541032294066063
2000 5 inf NoisySGD [4000000, 0.0187817797415247, 0.05631487748930947] 0.29136230229764076
2000 5 inf NoisySGD
5000 5 inf NoisySGD [25000000, 0.009114778199971805, 0.022970895501394847] 0.2902748152461623
5000 5 inf NoisySGD [25000000, 0.008467694160912743, 0.020303893893395392] 0.29488729816530124
5000 5 inf NoisySGD
10000 5 inf NoisySGD [100000000, 0.005452355932178346, 0.010757805006265442] 0.2845324959327743
2000 10 inf NoisySGD
5000 10 inf NoisySGD [25000000, 0.016872366705730366, 0.20120790898873922] 0.07399490712745356
5000 10 inf NoisySGD
2000 20 inf NoisySGD [4000000, 0.018215160571619697, 0.831256119513025] 0.021472393743269022
2000 20 inf NoisySGD
5000 20 inf NoisySGD [25000000, 0.013982209121530729, 0.6455567456734347] 0.02028266346876578
1000 50 inf NoisySGD [1000000, 0.006993754216681955, 1.4319543250981475] 0.005571418490988175
1000 50 inf NoisySGD
2000 50 inf NoisySGD [4000000, 0.006122465797142216, 1.1523356461701681] 0.0056277317238718075
1000 5 inf NoisySGD
2000 5 inf NoisySGD [4000000, 0.01657538504235765, 0.04485341256743753] 0.31615273122813664
2000 5 inf NoisySGD
5000 10 inf NoisySGD
10000 10 inf NoisySGD [100000000, 0.01013717247790634, 0.09825083258866413] 0.07857865558125382
10000 10 inf NoisySGD
10000 5 inf NoisySGD [100000000, 0.006234690118111791, 0.012722517428475117] 0.29787617664980487
10000 5 inf NoisySGD
1000 10 inf NoisySGD [1000000, 0.04077678399455766, 0.4879149237762647] 0.08110166604100752
1000 5 inf NoisySGD [1000000, 0.023061109067241438, 0.06776340132233687] 0.30509138770375
1000 5 inf NoisySGD
2000 5 inf NoisySGD [4000000, 0.01572348666001317, 0.04525776176803875] 0.2941894378624493
1000 10 inf NoisySGD
2000 10 inf NoisySGD [4000000, 0.023430647771816, 0.2757412090628149] 0.07858821347453676
2000 10 inf NoisySGD
2000 20 inf NoisySGD [4000000, 0.017364646860581475, 0.7076084491702448] 0.023531733480731332
2000 20 inf NoisySGD
5000 20 inf NoisySGD [25000000, 0.012873733618058946, 0.5240750315012853] 0.022187334009376333
1000 5 inf NoisySGD [1000000, 0.03378720679323342, 0.1057556832404958] 0.29800882599224754
1000 5 inf NoisySGD
2000 5 inf NoisySGD [4000000, 0.017418238632778988, 0.05061486934041769] 0.29637884178904944
1000 10 inf NoisySGD
2000 10 inf NoisySGD [4000000, 0.022263175614674138, 0.2825039101950611] 0.07244084299307726
2000 10 inf NoisySGD
5000 20 inf NoisySGD
10000 20 inf NoisySGD [100000000, 0.012023421712442101, 0.49255504018480395] 0.021951369963866124
10000 20 inf NoisySGD
2000 5 inf NoisySGD
5000 5 inf NoisySGD [25000000, 0.008481662555057267, 0.019706579212336827] 0.3070577621785901
5000 5 inf NoisySGD
10000 10 inf NoisySGD
1000 20 inf NoisySGD [1000000, 0.022563003746500727, 0.9749280943487137] 0.02308380651863635
1000 20 inf NoisySGD
10000 10 inf NoisySGD [100000000, 0.010225871823678333, 0.10217678231879211] 0.07821507101799734
10000 10 inf NoisySGD
1000 20 inf NoisySGD [1000000, 0.01659162486267152, 0.7253086304353368] 0.02189024095876823
10000 5 inf NoisySGD
1000 10 inf NoisySGD [1000000, 0.03882501471343633, 0.4722071054639308] 0.07939469400598122
1000 10 inf NoisySGD
2000 50 inf NoisySGD [4000000, 0.005579305355301803, 0.9987938339867142] 0.005582899516946866
2000 50 inf NoisySGD
5000 50 inf NoisySGD [25000000, 0.005301873740413885, 0.923176961896812] 0.005536904914828197
5000 10 inf NoisySGD [25000000, 0.017456285864456446, 0.1869772193001046] 0.08321960279345415
5000 10 inf NoisySGD
10000 10 inf NoisySGD [100000000, 0.009867232825165648, 0.10104071253413908] 0.07611352299187547
5000 50 inf NoisySGD [25000000, 0.005341961519226283, 0.868257758244545] 0.0057779314026963745
5000 50 inf NoisySGD
10000 50 inf NoisySGD [100000000, 0.004947450138053954, 0.8387705952653359] 0.0054698534246605
1000 10 inf NoisySGD
2000 10 inf NoisySGD [4000000, 0.024373700556356036, 0.2723169648063862] 0.08289819252902307
2000 10 inf NoisySGD
2000 20 inf NoisySGD [4000000, 0.018173688098384693, 0.8208872118678935] 0.021587078029330926
2000 20 inf NoisySGD
5000 20 inf NoisySGD [25000000, 0.012711447306488374, 0.5773617553498015] 0.020095964906991896
10000 5 inf NoisySGD
1000 10 inf NoisySGD [1000000, 0.04474842126869126, 0.5386515046340875] 0.08073926626245814
1000 10 inf NoisySGD
5000 20 inf NoisySGD
10000 20 inf NoisySGD [100000000, 0.012611360137524872, 0.48984756270366625] 0.02305268285002823
10000 20 inf NoisySGD
2000 5 inf NoisySGD [4000000, 0.017519774849542088, 0.05081104197178836] 0.29889638579766725
2000 5 inf NoisySGD
5000 5 inf NoisySGD [25000000, 0.008186773164948936, 0.01960963925932699] 0.2848800038126006
2000 50 inf NoisySGD
5000 50 inf NoisySGD [25000000, 0.005518512411416225, 0.9656755401512993] 0.00563454487667765
5000 50 inf NoisySGD
2000 50 inf NoisySGD
5000 50 inf NoisySGD [25000000, 0.005625258484682221, 0.9429417206798106] 0.005801689547240201
5000 50 inf NoisySGD
2000 10 inf NoisySGD [4000000, 0.026718437891661333, 0.3500329105180682] 0.0715073464877156
2000 10 inf NoisySGD
5000 10 inf NoisySGD [25000000, 0.015250494120235276, 0.17473355924827783] 0.07586110600343744
2000 5 inf NoisySGD [4000000, 0.01596845092585082, 0.04603506982855357] 0.29461707177239826
2000 5 inf NoisySGD
5000 5 inf NoisySGD [25000000, 0.00805176972269593, 0.019283455601215183] 0.29805378044451614
1000 5 inf NoisySGD [1000000, 0.0364367708253002, 0.11458413717951192] 0.29833025996072715
1000 5 inf NoisySGD
2000 5 inf NoisySGD [4000000, 0.017793227571000287, 0.05182508813874133] 0.3003157183591221
2000 5 inf NoisySGD
5000 5 inf NoisySGD [25000000, 0.0077890188990893386, 0.018002853170353127] 0.29237512297315066
5000 5 inf NoisySGD
1000 50 inf NoisySGD
2000 50 inf NoisySGD [4000000, 0.005613455893823877, 0.9659414528584254] 0.005720522429037546
2000 50 inf NoisySGD
10000 50 inf NoisySGD
1000 5 inf NoisySGD [1000000, 0.029452620296979957, 0.08994363531607237] 0.30022829158522496
1000 5 inf NoisySGD
5000 10 inf NoisySGD
10000 10 inf NoisySGD [100000000, 0.011154291392875623, 0.10887748061879876] 0.0810511901197448
10000 10 inf NoisySGD
10000 20 inf NoisySGD
1000 50 inf NoisySGD [1000000, 0.0055113534673176786, 1.0040311001078384] 0.005499224770653947
1000 50 inf NoisySGD
1000 5 inf NoisySGD
2000 5 inf NoisySGD [4000000, 0.01923803554901521, 0.055530032541348986] 0.3012597109783123
2000 5 inf NoisySGD
10000 10 inf NoisySGD
1000 20 inf NoisySGD [1000000, 0.014772214695854153, 0.7057377518130612] 0.019893908173077044
1000 20 inf NoisySGD
5000 50 inf NoisySGD
10000 50 inf NoisySGD [100000000, 0.00557710516744707, 0.9092057322234911] 0.0058851433194759
10000 50 inf NoisySGD
10000 20 inf NoisySGD [100000000, 0.012793807605942035, 0.49562447611240695] 0.023019536406836814
10000 20 inf NoisySGD
1000 50 inf NoisySGD [1000000, 0.005658818110603677, 0.9266545397570886] 0.005889682443263555
1000 20 inf NoisySGD [1000000, 0.018406860807534096, 0.9282158070523225] 0.019643296956582464
1000 20 inf NoisySGD
2000 20 inf NoisySGD [4000000, 0.014224799700305478, 0.6142841231319154] 0.02171813751191878
2000 20 inf NoisySGD
5000 20 inf NoisySGD [25000000, 0.014078258450016335, 0.6050915591819873] 0.021610415717901434
5000 20 inf NoisySGD
10000 10 inf NoisySGD
1000 20 inf NoisySGD [1000000, 0.017964228632516236, 0.7882491960159462] 0.02211293753510458
1000 20 inf NoisySGD
2000 10 inf NoisySGD [4000000, 0.02579032805089234, 0.31720213324769236] 0.07546897819348249
2000 10 inf NoisySGD
5000 10 inf NoisySGD [25000000, 0.015483082544647747, 0.17241365203141754] 0.07766070029352837
2000 50 inf NoisySGD
5000 50 inf NoisySGD [25000000, 0.005341541223957989, 0.9682583046475365] 0.005437212462191951
5000 50 inf NoisySGD
5000 5 inf NoisySGD
10000 5 inf NoisySGD [100000000, 0.005609483507673977, 0.009988759883111193] 0.29709418035083845
10000 5 inf NoisySGD
10000 20 inf NoisySGD
1000 50 inf NoisySGD [1000000, 0.00613686436671743, 1.078769433232517] 0.005891288251452506
1000 50 inf NoisySGD
1000 10 inf NoisySGD [1000000, 0.03514044147525729, 0.4368727722714966] 0.07752504708255836
1000 10 inf NoisySGD
2000 10 inf NoisySGD [4000000, 0.02557773692920508, 0.29934000756243895] 0.07970250493327424
1000 20 inf NoisySGD
2000 20 inf NoisySGD [4000000, 0.015558399791335642, 0.6305376479711141] 0.02308127635834073
2000 20 inf NoisySGD
10000 20 inf NoisySGD
1000 50 inf NoisySGD [1000000, 0.005481858031899688, 0.9353359570473487] 0.005688993991875844
1000 50 inf NoisySGD
5000 50 inf NoisySGD [25000000, 0.005258945907082424, 0.989365978793476] 0.0052901232208595736
5000 50 inf NoisySGD
10000 50 inf NoisySGD [100000000, 0.005338903338223962, 0.9005752986155792] 0.0056411625730271265
1000 10 inf NoisySGD [1000000, 0.03297650153611937, 0.40079815480180314] 0.07832814267158571
1000 10 inf NoisySGD
2000 10 inf NoisySGD [4000000, 0.027608834775044805, 0.33166948547574787] 0.07773335794744343
1000 5 inf NoisySGD [1000000, 0.03176004401669308, 0.1023550929082484] 0.28938507054629803
1000 5 inf NoisySGD
2000 5 inf NoisySGD [4000000, 0.018399454123131556, 0.05500633040824481] 0.29354831096876677
2000 20 inf NoisySGD [4000000, 0.01585745418102249, 0.6893077315764319] 0.02185550566986641
2000 20 inf NoisySGD
5000 20 inf NoisySGD [25000000, 0.013830468310532014, 0.5977201854219504] 0.02153574951108138
10000 5 inf NoisySGD
1000 10 inf NoisySGD [1000000, 0.040878138464067626, 0.4721889417214742] 0.08387435587235084
1000 10 inf NoisySGD
1000 50 inf NoisySGD [1000000, 0.006165647334855034, 1.1334760166554205] 0.005748974228395124
1000 50 inf NoisySGD
2000 50 inf NoisySGD [4000000, 0.005555480950071967, 1.08345363332389] 0.005307342984270477
10000 50 inf NoisySGD [100000000, 0.005375248383480939, 1.0269982773264261] 0.005300643442731908
10000 50 inf NoisySGD
1000 5 inf NoisySGD [1000000, 0.025578326661486923, 0.07704118337093259] 0.3039536273539593
5000 5 inf NoisySGD [25000000, 0.00825492208051165, 0.020373899194370375] 0.28714659719121755
5000 5 inf NoisySGD
10000 5 inf NoisySGD [100000000, 0.0059335089002009326, 0.011536246256696634] 0.2976066829729614
5000 5 inf NoisySGD [25000000, 0.007469233123258159, 0.018500502273917488] 0.2709220035057226
5000 5 inf NoisySGD
10000 5 inf NoisySGD [100000000, 0.0055532539636465586, 0.01054073590062466] 0.29054471005048743
1000 20 inf NoisySGD
2000 20 inf NoisySGD [4000000, 0.019136474527500013, 0.8541321137176594] 0.02196891830430422
2000 20 inf NoisySGD
2000 5 inf NoisySGD
5000 5 inf NoisySGD [25000000, 0.008480747540018601, 0.02092123353843735] 0.2852327993075395
5000 5 inf NoisySGD
5000 50 inf NoisySGD [25000000, 0.0055741099200916164, 1.025227213766682] 0.005499048329392733
5000 50 inf NoisySGD
10000 50 inf NoisySGD [100000000, 0.00530527812205714, 0.8968349929177156] 0.00562202162788959
1000 10 inf NoisySGD [1000000, 0.033082582709388804, 0.38960870483752885] 0.08089627127907337
1000 10 inf NoisySGD
2000 10 inf NoisySGD [4000000, 0.02221285128774442, 0.26571917691864] 0.07668719065621735
5000 20 inf NoisySGD [25000000, 0.014464252822755697, 0.6450743845447908] 0.021142429477915475
5000 20 inf NoisySGD
10000 20 inf NoisySGD [100000000, 0.012270542080280222, 0.48923219437666365] 0.022646655464638763
10000 50 inf NoisySGD
1000 5 inf NoisySGD [1000000, 0.02877054575224733, 0.09002222719807706] 0.29450221211428934
1000 5 inf NoisySGD
2000 10 inf NoisySGD
5000 10 inf NoisySGD [25000000, 0.013771063725026988, 0.1427797996138981] 0.08042832675207609
5000 10 inf NoisySGD
5000 20 inf NoisySGD
10000 20 inf NoisySGD [100000000, 0.012225130875174493, 0.5007510279295613] 0.021913178596002378
10000 20 inf NoisySGD
5000 20 inf NoisySGD [25000000, 0.014347074710701685, 0.6248152507716858] 0.021495270677251214
5000 20 inf NoisySGD
10000 20 inf NoisySGD [100000000, 0.01093635212089623, 0.46696782946591947] 0.020874825557603997
10000 5 inf NoisySGD [100000000, 0.005624752618165774, 0.011298747857860583] 0.29374252767215814
10000 5 inf NoisySGD
1000 10 inf NoisySGD [1000000, 0.03373096011680773, 0.4049437900936479] 0.07984221016423015
10000 10 inf NoisySGD [100000000, 0.009341929081831332, 0.09425766817500925] 0.07766557527570987
10000 10 inf NoisySGD
1000 20 inf NoisySGD [1000000, 0.018397640637120103, 0.8509829166429169] 0.021197805303074545
10000 20 inf NoisySGD [100000000, 0.012006065018902204, 0.5163036647120385] 0.021110029840033972
10000 20 inf NoisySGD
1000 50 inf NoisySGD [1000000, 0.005848603383708111, 1.0497285767782825] 0.005703388215069377
2000 20 inf NoisySGD
5000 20 inf NoisySGD [25000000, 0.013266824191909407, 0.5551860419263559] 0.02193133418713742
5000 20 inf NoisySGD
1000 20 inf NoisySGD [1000000, 0.015907733085966026, 0.7395941825073078] 0.0206322597721516
1000 20 inf NoisySGD
2000 20 inf NoisySGD [4000000, 0.01746619094996752, 0.7182940152981797] 0.023372669212313055
10000 20 inf NoisySGD [100000000, 0.011614154312077577, 0.44484943803194377] 0.022775613848442282
10000 20 inf NoisySGD
1000 50 inf NoisySGD [1000000, 0.006214207562827861, 1.2264300851982082] 0.005544655130889977
5000 10 inf NoisySGD [25000000, 0.014266232527304037, 0.15154316102392582] 0.08039902747812362
5000 10 inf NoisySGD
10000 10 inf NoisySGD [100000000, 0.010216621059091765, 0.10151903970630889] 0.07747007885384895
10000 50 inf NoisySGD [100000000, 0.005386337945742842, 0.8878417930205422] 0.00572935369939225
10000 50 inf NoisySGD
1000 5 inf NoisySGD [1000000, 0.03171804923375076, 0.09696432638720251] 0.30308257397840793
5000 10 inf NoisySGD
10000 10 inf NoisySGD [100000000, 0.009920310163124675, 0.09996853675877017] 0.0771163124737553
10000 10 inf NoisySGD
2000 5 inf NoisySGD
5000 5 inf NoisySGD [25000000, 0.009124183542514555, 0.02161542916687298] 0.3041462188406134
5000 5 inf NoisySGD
1000 50 inf NoisySGD
2000 50 inf NoisySGD [4000000, 0.005845446232130436, 1.1155178064924944] 0.005502115387617378
2000 50 inf NoisySGD
10000 50 inf NoisySGD
1000 5 inf NoisySGD [1000000, 0.030235559277600767, 0.09352482003947998] 0.2990714598329395
1000 5 inf NoisySGD
1000 5 inf NoisySGD
2000 5 inf NoisySGD [4000000, 0.01628633594863035, 0.047204148703704304] 0.29370998234440954
2000 5 inf NoisySGD
2000 10 inf NoisySGD [4000000, 0.020083879842733715, 0.2398636135117506] 0.07613291210691815
2000 10 inf NoisySGD
5000 10 inf NoisySGD [25000000, 0.016143338029101947, 0.17883985560035534] 0.07870889332470199
10000 10 inf NoisySGD [100000000, 0.010386592533174359, 0.09922623149743498] 0.07947724934135517
10000 10 inf NoisySGD
1000 20 inf NoisySGD [1000000, 0.015780514501080548, 0.7873536758865366] 0.01935144837562214
5000 5 inf NoisySGD
10000 5 inf NoisySGD [100000000, 0.0054524176358304935, 0.010239374928232955] 0.3013965904488674
10000 5 inf NoisySGD
10000 50 inf NoisySGD [100000000, 0.005345293757850533, 0.8880825994858995] 0.00570280669078311
10000 50 inf NoisySGD
1000 50 inf NoisySGD [1000000, 0.005820302596273234, 1.0940414200928161] 0.005524303266570858
1000 50 inf NoisySGD
2000 50 inf NoisySGD [4000000, 0.006075230919287622, 1.1845796565605209] 0.005501423388599446
5000 50 inf NoisySGD
10000 50 inf NoisySGD [100000000, 0.004765868189048403, 0.884876500342586] 0.0050895503576880085
10000 50 inf NoisySGD
1000 20 inf NoisySGD
2000 20 inf NoisySGD [4000000, 0.01816470501082033, 0.808686365803362] 0.021887565320526953
2000 20 inf NoisySGD
5000 50 inf NoisySGD
10000 50 inf NoisySGD [100000000, 0.004652898081558309, 0.8642803334010376] 0.005018233512196407
10000 50 inf NoisySGD
1000 50 inf NoisySGD
2000 50 inf NoisySGD [4000000, 0.006153802638569502, 1.0394484382517821] 0.006015915148725428
2000 50 inf NoisySGD
10000 5 inf NoisySGD [100000000, 0.0055998783048448065, 0.011045499109774698] 0.29210914641975017
10000 5 inf NoisySGD
1000 10 inf NoisySGD [1000000, 0.03739590820528619, 0.43079928598693473] 0.08349272221911924
10000 5 inf NoisySGD [100000000, 0.00511742213215152, 0.009172436403152006] 0.2928013336388099
10000 5 inf NoisySGD
1000 10 inf NoisySGD [1000000, 0.03130063251719804, 0.3627172864971598] 0.08193227328181306
2000 10 inf NoisySGD
5000 10 inf NoisySGD [25000000, 0.016763545133120058, 0.18710234665235778] 0.07920842153905674
5000 10 inf NoisySGD
2000 20 inf NoisySGD
5000 20 inf NoisySGD [25000000, 0.014752982149765472, 0.6145952494383746] 0.022371446321686052
5000 20 inf NoisySGD
5000 20 inf NoisySGD [25000000, 0.012951844315359855, 0.5429525372943914] 0.02186189807435936
5000 20 inf NoisySGD
10000 20 inf NoisySGD [100000000, 0.012348626899408573, 0.5019349120743022] 0.02207649982567871
5000 20 inf NoisySGD
10000 20 inf NoisySGD [100000000, 0.011426380055006425, 0.4659074676892716] 0.021682907489090526
10000 20 inf NoisySGD
../dpsco-results/p=inf-d=5-T=1000-scale=1-noise_free=False-test_flag=True/
../dpsco-results/p=inf-d=5-T=1000-scale=1-noise_free=False-test_flag=False/
../dpsco-results/p=inf-d=5-T=2000-scale=1-noise_free=False-test_flag=True/
../dpsco-results/p=inf-d=5-T=2000-scale=1-noise_free=False-test_flag=False/
../dpsco-results/p=inf-d=5-T=5000-scale=1-noise_free=False-test_flag=True/
../dpsco-results/p=inf-d=5-T=5000-scale=1-noise_free=False-test_flag=False/
../dpsco-results/p=inf-d=5-T=10000-scale=1-noise_free=False-test_flag=True/
../dpsco-results/p=inf-d=5-T=10000-scale=1-noise_free=False-test_flag=False/
../dpsco-results/p=inf-d=10-T=1000-scale=1-noise_free=False-test_flag=True/
../dpsco-results/p=inf-d=10-T=1000-scale=1-noise_free=False-test_flag=False/
../dpsco-results/p=inf-d=10-T=2000-scale=1-noise_free=False-test_flag=True/
../dpsco-results/p=inf-d=10-T=2000-scale=1-noise_free=False-test_flag=False/
../dpsco-results/p=inf-d=10-T=5000-scale=1-noise_free=False-test_flag=True/
../dpsco-results/p=inf-d=10-T=5000-scale=1-noise_free=False-test_flag=False/
../dpsco-results/p=inf-d=10-T=10000-scale=1-noise_free=False-test_flag=True/
../dpsco-results/p=inf-d=10-T=10000-scale=1-noise_free=False-test_flag=False/
../dpsco-results/p=inf-d=20-T=1000-scale=1-noise_free=False-test_flag=True/
../dpsco-results/p=inf-d=20-T=1000-scale=1-noise_free=False-test_flag=False/
../dpsco-results/p=inf-d=20-T=2000-scale=1-noise_free=False-test_flag=True/
../dpsco-results/p=inf-d=20-T=2000-scale=1-noise_free=False-test_flag=False/
../dpsco-results/p=inf-d=20-T=5000-scale=1-noise_free=False-test_flag=True/
../dpsco-results/p=inf-d=20-T=5000-scale=1-noise_free=False-test_flag=False/
../dpsco-results/p=inf-d=20-T=10000-scale=1-noise_free=False-test_flag=True/
../dpsco-results/p=inf-d=20-T=10000-scale=1-noise_free=False-test_flag=False/
../dpsco-results/p=inf-d=50-T=1000-scale=1-noise_free=False-test_flag=True/
../dpsco-results/p=inf-d=50-T=1000-scale=1-noise_free=False-test_flag=False/
../dpsco-results/p=inf-d=50-T=2000-scale=1-noise_free=False-test_flag=True/
../dpsco-results/p=inf-d=50-T=2000-scale=1-noise_free=False-test_flag=False/
../dpsco-results/p=inf-d=50-T=5000-scale=1-noise_free=False-test_flag=True/
../dpsco-results/p=inf-d=50-T=5000-scale=1-noise_free=False-test_flag=False/
../dpsco-results/p=inf-d=50-T=10000-scale=1-noise_free=False-test_flag=True/
../dpsco-results/p=inf-d=50-T=10000-scale=1-noise_free=False-test_flag=False/
using 30 processes
../bandits-results/p=1.0-d=5-T=1000-scale=1-noise_free=False-test_flag=True/
../bandits-results/p=1.0-d=5-T=1000-scale=1-noise_free=False-test_flag=False/
../bandits-results/p=1.0-d=5-T=2000-scale=1-noise_free=False-test_flag=True/
../bandits-results/p=1.0-d=5-T=2000-scale=1-noise_free=False-test_flag=False/
../bandits-results/p=1.0-d=5-T=5000-scale=1-noise_free=False-test_flag=True/
../bandits-results/p=1.0-d=5-T=5000-scale=1-noise_free=False-test_flag=False/
../bandits-results/p=1.0-d=5-T=10000-scale=1-noise_free=False-test_flag=True/
../bandits-results/p=1.0-d=5-T=10000-scale=1-noise_free=False-test_flag=False/
../bandits-results/p=1.0-d=10-T=1000-scale=1-noise_free=False-test_flag=True/
../bandits-results/p=1.0-d=10-T=1000-scale=1-noise_free=False-test_flag=False/
../bandits-results/p=1.0-d=10-T=2000-scale=1-noise_free=False-test_flag=True/
../bandits-results/p=1.0-d=10-T=2000-scale=1-noise_free=False-test_flag=False/
../bandits-results/p=1.0-d=10-T=5000-scale=1-noise_free=False-test_flag=True/
../bandits-results/p=1.0-d=10-T=5000-scale=1-noise_free=False-test_flag=False/
../bandits-results/p=1.0-d=10-T=10000-scale=1-noise_free=False-test_flag=True/
../bandits-results/p=1.0-d=10-T=10000-scale=1-noise_free=False-test_flag=False/
../bandits-results/p=1.0-d=20-T=1000-scale=1-noise_free=False-test_flag=True/
../bandits-results/p=1.0-d=20-T=1000-scale=1-noise_free=False-test_flag=False/
../bandits-results/p=1.0-d=20-T=2000-scale=1-noise_free=False-test_flag=True/
../bandits-results/p=1.0-d=20-T=2000-scale=1-noise_free=False-test_flag=False/
../bandits-results/p=1.0-d=20-T=5000-scale=1-noise_free=False-test_flag=True/
../bandits-results/p=1.0-d=20-T=5000-scale=1-noise_free=False-test_flag=False/
../bandits-results/p=1.0-d=20-T=10000-scale=1-noise_free=False-test_flag=True/
../bandits-results/p=1.0-d=20-T=10000-scale=1-noise_free=False-test_flag=False/
../bandits-results/p=1.0-d=50-T=1000-scale=1-noise_free=False-test_flag=True/
../bandits-results/p=1.0-d=50-T=1000-scale=1-noise_free=False-test_flag=False/
../bandits-results/p=1.0-d=50-T=2000-scale=1-noise_free=False-test_flag=True/
../bandits-results/p=1.0-d=50-T=2000-scale=1-noise_free=False-test_flag=False/
../bandits-results/p=1.0-d=50-T=5000-scale=1-noise_free=False-test_flag=True/
../bandits-results/p=1.0-d=50-T=5000-scale=1-noise_free=False-test_flag=False/
../bandits-results/p=1.0-d=50-T=10000-scale=1-noise_free=False-test_flag=True/
../bandits-results/p=1.0-d=50-T=10000-scale=1-noise_free=False-test_flag=False/
using 30 processes
execute.sh: line 43: 26847 Killed                  nohup /usr/bin/python3 main.py --p 1 --noise_free 0 --algo DPUCB --n_random_seeds 10 --d 5 10 20 50 --T 1000 2000 5000 10000
using 5 processes
1000 5 1.5 OFW_ple2 [1000, 0.16244208267026353, 0.9835996689742807] 0.16510915236638485
1000 5 1.5 OFW_ple2 [1000, 0.143996759022478, 0.8701757812745535] 0.16510915236638485
1000 5 1.5 OFW_ple2 [1000, 0.12748910304450117, 0.7686669894753615] 0.16510915236638485
1000 5 1.5 OFW_ple2 [1000, 0.11237638183297591, 0.6757359232460564] 0.16510915236638485
1000 5 1.5 OFW_ple2 [1000, 0.09914397888335015, 0.5943673002381278] 0.16510915236638485
1000 5 1.5 OFW_ple2 [1000, 0.09246069320352954, 0.5532704748916029] 0.16510915236638485
1000 5 1.5 OFW_ple2 [1000, 0.051998787472300495, 0.3044623357984809] 0.16510915236638485
1000 5 1.5 OFW_ple2 [1000, 0.03296105309079329, 0.18739559911345943] 0.16510915236638485
1000 5 1.5 OFW_ple2 [1000, 0.022807968531949583, 0.1249623046482588] 0.16510915236638485
1000 5 1.5 OFW_ple2 [1000, 0.01626744900366009, 0.08474337617401412] 0.16510915236638485
1000 5 1.5 OFW_ple2 [1000, 0.012299500942661834, 0.060343690711024196] 0.16510915236638485
1000 5 1.5 OFW_ple2 [1000, 0.009583068527912153, 0.04363981871409902] 0.16510915236638485
1000 5 1.5 OFW_ple2 [1000, 0.007595774684186587, 0.03141956180447579] 0.16510915236638485
1000 5 1.5 OFW_ple2 [1000, 0.006629005475425119, 0.02547470964248732] 0.16510915236638485
1000 5 1.5 OFW_ple2 [1000, 0.005841358698800895, 0.02063131620332673] 0.16510915236638485
1000 5 1.5 OFW_ple2
1000 5 1.5 OFW_ple2
1000 5 1.5 OFW_ple2
1000 5 1.5 OFW_ple2
1000 5 1.5 OFW_ple2
1000 5 1.5 OFW_ple2
1000 5 1.5 OFW_ple2
1000 5 1.5 OFW_ple2
1000 5 1.5 OFW_ple2
1000 5 1.5 OFW_ple2
1000 5 1.5 OFW_ple2
1000 5 1.5 OFW_ple2
1000 5 1.5 OFW_ple2
1000 5 1.5 OFW_ple2
1000 5 1.5 OFW_ple2
200 5 1.5 OFW_ple2 [200, 0.23709927275039205, 1.4603516499634925] 0.16309310998020118
200 5 1.5 OFW_ple2 [200, 0.2269915737066641, 1.3974772114310732] 0.16309310998020118
200 5 1.5 OFW_ple2 [200, 0.2170348494999255, 1.3355419043535146] 0.16309310998020118
200 5 1.5 OFW_ple2 [200, 0.20696465040774262, 1.2729007324021628] 0.16309310998020118
200 5 1.5 OFW_ple2 [200, 0.1969152993780956, 1.2103892447855702] 0.16309310998020118
200 5 1.5 OFW_ple2 [200, 0.19186155717128803, 1.1789526930673246] 0.16309310998020118
200 5 1.5 OFW_ple2 [200, 0.15098300395830355, 0.9246696885808686] 0.16309310998020118
200 5 1.5 OFW_ple2 [200, 0.11515399195279956, 0.7017971037055564] 0.16309310998020118
200 5 1.5 OFW_ple2 [200, 0.09444097603136678, 0.5729528196861124] 0.16309310998020118
200 5 1.5 OFW_ple2 [200, 0.08334365049578595, 0.5039224588450776] 0.16309310998020118
200 5 1.5 OFW_ple2 [200, 0.07293768107835037, 0.4391926443070423] 0.16309310998020118
200 5 1.5 OFW_ple2 [200, 0.06475339015716561, 0.388282670214098] 0.16309310998020118
200 5 1.5 OFW_ple2 [200, 0.06133011519160303, 0.36698835877183233] 0.16309310998020118
200 5 1.5 OFW_ple2 [200, 0.057962430385720534, 0.3460398431494354] 0.16309310998020118
200 5 1.5 OFW_ple2 [200, 0.05274631267264007, 0.31359324268081074] 0.16309310998020118
200 5 1.5 OFW_ple2
200 5 1.5 OFW_ple2
200 5 1.5 OFW_ple2
200 5 1.5 OFW_ple2
200 5 1.5 OFW_ple2
200 5 1.5 OFW_ple2
200 5 1.5 OFW_ple2
200 5 1.5 OFW_ple2
200 5 1.5 OFW_ple2
200 5 1.5 OFW_ple2
200 5 1.5 OFW_ple2
200 5 1.5 OFW_ple2
200 5 1.5 OFW_ple2
200 5 1.5 OFW_ple2
200 5 1.5 OFW_ple2
1000 10 1.5 OFW_ple2 [1000, 0.11812080322413376, 1.1853114639677615] 0.10002844693701402
1000 10 1.5 OFW_ple2 [1000, 0.11461344915693324, 1.149387292094752] 0.10002844693701402
1000 10 1.5 OFW_ple2 [1000, 0.11113586533746417, 1.1137680428145906] 0.10002844693701402
1000 10 1.5 OFW_ple2 [1000, 0.10770852602900549, 1.0786634243400535] 0.10002844693701402
1000 10 1.5 OFW_ple2 [1000, 0.10442146546841474, 1.044995614853712] 0.10002844693701402
1000 10 1.5 OFW_ple2 [1000, 0.10277973066995079, 1.0281801003832856] 0.10002844693701402
1000 10 1.5 OFW_ple2 [1000, 0.0877639774821073, 0.8743808294835171] 0.10002844693701402
1000 10 1.5 OFW_ple2 [1000, 0.0744665501208788, 0.738181558796564] 0.10002844693701402
1000 10 1.5 OFW_ple2 [1000, 0.06303996619944707, 0.6211444542300092] 0.10002844693701402
1000 10 1.5 OFW_ple2 [1000, 0.05387297583203926, 0.5272512996732378] 0.10002844693701402
1000 10 1.5 OFW_ple2 [1000, 0.0463386411733307, 0.45008066675671127] 0.10002844693701402
1000 10 1.5 OFW_ple2 [1000, 0.04112671853259374, 0.39669740371931045] 0.10002844693701402
1000 10 1.5 OFW_ple2 [1000, 0.03667984193618075, 0.3511501461323079] 0.10002844693701402
1000 10 1.5 OFW_ple2 [1000, 0.03237013042843681, 0.30700780579229914] 0.10002844693701402
1000 10 1.5 OFW_ple2 [1000, 0.028895397762841772, 0.2714177595352272] 0.10002844693701402
1000 10 1.5 OFW_ple2
1000 10 1.5 OFW_ple2
1000 10 1.5 OFW_ple2
1000 10 1.5 OFW_ple2
1000 10 1.5 OFW_ple2
1000 10 1.5 OFW_ple2
1000 10 1.5 OFW_ple2
1000 10 1.5 OFW_ple2
1000 10 1.5 OFW_ple2
1000 10 1.5 OFW_ple2
1000 10 1.5 OFW_ple2
1000 10 1.5 OFW_ple2
1000 10 1.5 OFW_ple2
1000 10 1.5 OFW_ple2
1000 10 1.5 OFW_ple2
200 10 1.5 OFW_ple2 [200, 0.10355958816957565, 1.0926763954661476] 0.09498137168722184
200 10 1.5 OFW_ple2 [200, 0.10296579984487367, 1.0862612902147861] 0.09498137168722184
200 10 1.5 OFW_ple2 [200, 0.10236555947732282, 1.0797764790897324] 0.09498137168722184
200 10 1.5 OFW_ple2 [200, 0.10175903491187847, 1.073223775435927] 0.09498137168722184
200 10 1.5 OFW_ple2 [200, 0.10114619948077563, 1.066602891143092] 0.09498137168722184
200 10 1.5 OFW_ple2 [200, 0.10084434697673182, 1.0633417701286296] 0.09498137168722184
200 10 1.5 OFW_ple2 [200, 0.09788096369498316, 1.0313262944756125] 0.09498137168722184
200 10 1.5 OFW_ple2 [200, 0.09508624725138537, 1.0011330431307193] 0.09498137168722184
200 10 1.5 OFW_ple2 [200, 0.09239582540519939, 0.9720665583315996] 0.09498137168722184
200 10 1.5 OFW_ple2 [200, 0.08967382777432506, 0.9426589385290732] 0.09498137168722184
200 10 1.5 OFW_ple2 [200, 0.08700938130261357, 0.9138730836350314] 0.09498137168722184
200 10 1.5 OFW_ple2 [200, 0.08427097874774243, 0.8842882301118303] 0.09498137168722184
200 10 1.5 OFW_ple2 [200, 0.0817413412202643, 0.8569588093208266] 0.09498137168722184
200 10 1.5 OFW_ple2 [200, 0.07939644429467652, 0.8316252688057127] 0.09498137168722184
200 10 1.5 OFW_ple2 [200, 0.07708077541961583, 0.8066074991008748] 0.09498137168722184
200 10 1.5 OFW_ple2
200 10 1.5 OFW_ple2
200 10 1.5 OFW_ple2
200 10 1.5 OFW_ple2
200 10 1.5 OFW_ple2
200 10 1.5 OFW_ple2
200 10 1.5 OFW_ple2
200 10 1.5 OFW_ple2
200 10 1.5 OFW_ple2
200 10 1.5 OFW_ple2
200 10 1.5 OFW_ple2
200 10 1.5 OFW_ple2
200 10 1.5 OFW_ple2
200 10 1.5 OFW_ple2
200 10 1.5 OFW_ple2
1000 15 1.5 OFW_ple2 [1000, 0.10978695151936446, 1.665339062374888] 0.06688032283892398
1000 15 1.5 OFW_ple2 [1000, 0.10883468557470304, 1.6505725857199325] 0.06688032283892398
1000 15 1.5 OFW_ple2 [1000, 0.10788544979655694, 1.6358530968663996] 0.06688032283892398
1000 15 1.5 OFW_ple2 [1000, 0.10693698859990411, 1.6211456191948288] 0.06688032283892398
1000 15 1.5 OFW_ple2 [1000, 0.10599582995673314, 1.6065513798324886] 0.06688032283892398
1000 15 1.5 OFW_ple2 [1000, 0.10553543092377968, 1.5994121225586306] 0.06688032283892398
1000 15 1.5 OFW_ple2 [1000, 0.10097076516827963, 1.528629343132205] 0.06688032283892398
1000 15 1.5 OFW_ple2 [1000, 0.09666150552869206, 1.4618070628387139] 0.06688032283892398
1000 15 1.5 OFW_ple2 [1000, 0.09257326837140849, 1.39841210591372] 0.06688032283892398
1000 15 1.5 OFW_ple2 [1000, 0.08881962700776502, 1.3402056165626555] 0.06688032283892398
1000 15 1.5 OFW_ple2 [1000, 0.08529700591783604, 1.2855814830626544] 0.06688032283892398
1000 15 1.5 OFW_ple2 [1000, 0.08200580203660322, 1.2345458605546975] 0.06688032283892398
1000 15 1.5 OFW_ple2 [1000, 0.07875126378840756, 1.1840788000302052] 0.06688032283892398
1000 15 1.5 OFW_ple2 [1000, 0.0754360834425724, 1.1326713823249048] 0.06688032283892398
1000 15 1.5 OFW_ple2 [1000, 0.07280397356217262, 1.091856114993235] 0.06688032283892398
1000 15 1.5 OFW_ple2
1000 15 1.5 OFW_ple2
1000 15 1.5 OFW_ple2
1000 15 1.5 OFW_ple2
1000 15 1.5 OFW_ple2
1000 15 1.5 OFW_ple2
1000 15 1.5 OFW_ple2
1000 15 1.5 OFW_ple2
1000 15 1.5 OFW_ple2
1000 15 1.5 OFW_ple2
1000 15 1.5 OFW_ple2
1000 15 1.5 OFW_ple2
1000 15 1.5 OFW_ple2
1000 15 1.5 OFW_ple2
1000 15 1.5 OFW_ple2
200 15 1.5 OFW_ple2 [200, 0.0860310187494302, 1.1570672340174777] 0.07468453992200602
200 